<?xml version="1.0" encoding="UTF-8"?>
<coverage generated="1651599951958" clover="3.2.0">
  <project timestamp="1651599951959" name="All files">
    <metrics statements="257" coveredstatements="233" conditionals="26" coveredconditionals="24" methods="82" coveredmethods="75" elements="365" coveredelements="332" complexity="0" loc="257" ncloc="257" packages="10" files="42" classes="42"/>
    <package name="prisma">
      <metrics statements="7" coveredstatements="7" conditionals="0" coveredconditionals="0" methods="1" coveredmethods="1"/>
      <file name="seed.ts" path="/home/bernardo/Documentos/Driven Projects/projeto-17-repoprovas-api/prisma/seed.ts">
        <metrics statements="7" coveredstatements="7" conditionals="0" coveredconditionals="0" methods="1" coveredmethods="1"/>
        <line num="6" count="54" type="stmt"/>
        <line num="15" count="54" type="stmt"/>
        <line num="24" count="54" type="stmt"/>
        <line num="34" count="54" type="stmt"/>
        <line num="44" count="54" type="stmt"/>
        <line num="53" count="54" type="stmt"/>
        <line num="66" count="54" type="stmt"/>
      </file>
    </package>
    <package name="src">
      <metrics statements="10" coveredstatements="10" conditionals="2" coveredconditionals="2" methods="0" coveredmethods="0"/>
      <file name="app.ts" path="/home/bernardo/Documentos/Driven Projects/projeto-17-repoprovas-api/src/app.ts">
        <metrics statements="6" coveredstatements="6" conditionals="0" coveredconditionals="0" methods="0" coveredmethods="0"/>
        <line num="7" count="1" type="stmt"/>
        <line num="8" count="1" type="stmt"/>
        <line num="9" count="1" type="stmt"/>
        <line num="10" count="1" type="stmt"/>
        <line num="11" count="1" type="stmt"/>
        <line num="12" count="1" type="stmt"/>
      </file>
      <file name="config.ts" path="/home/bernardo/Documentos/Driven Projects/projeto-17-repoprovas-api/src/config.ts">
        <metrics statements="0" coveredstatements="0" conditionals="2" coveredconditionals="2" methods="0" coveredmethods="0"/>
      </file>
      <file name="database.ts" path="/home/bernardo/Documentos/Driven Projects/projeto-17-repoprovas-api/src/database.ts">
        <metrics statements="2" coveredstatements="2" conditionals="0" coveredconditionals="0" methods="0" coveredmethods="0"/>
        <line num="3" count="1" type="stmt"/>
        <line num="5" count="1" type="stmt"/>
      </file>
      <file name="supabase.ts" path="/home/bernardo/Documentos/Driven Projects/projeto-17-repoprovas-api/src/supabase.ts">
        <metrics statements="2" coveredstatements="2" conditionals="0" coveredconditionals="0" methods="0" coveredmethods="0"/>
        <line num="4" count="1" type="stmt"/>
        <line num="5" count="1" type="stmt"/>
      </file>
    </package>
    <package name="src.controllers">
      <metrics statements="45" coveredstatements="42" conditionals="0" coveredconditionals="0" methods="13" coveredmethods="12"/>
      <file name="categoriesController.ts" path="/home/bernardo/Documentos/Driven Projects/projeto-17-repoprovas-api/src/controllers/categoriesController.ts">
        <metrics statements="3" coveredstatements="3" conditionals="0" coveredconditionals="0" methods="1" coveredmethods="1"/>
        <line num="4" count="1" type="stmt"/>
        <line num="7" count="1" type="stmt"/>
        <line num="9" count="1" type="stmt"/>
      </file>
      <file name="disciplineController.ts" path="/home/bernardo/Documentos/Driven Projects/projeto-17-repoprovas-api/src/controllers/disciplineController.ts">
        <metrics statements="7" coveredstatements="7" conditionals="0" coveredconditionals="0" methods="2" coveredmethods="2"/>
        <line num="4" count="1" type="stmt"/>
        <line num="7" count="1" type="stmt"/>
        <line num="9" count="1" type="stmt"/>
        <line num="13" count="2" type="stmt"/>
        <line num="14" count="2" type="stmt"/>
        <line num="16" count="2" type="stmt"/>
        <line num="18" count="1" type="stmt"/>
      </file>
      <file name="oauthController.ts" path="/home/bernardo/Documentos/Driven Projects/projeto-17-repoprovas-api/src/controllers/oauthController.ts">
        <metrics statements="4" coveredstatements="1" conditionals="0" coveredconditionals="0" methods="1" coveredmethods="0"/>
        <line num="4" count="1" type="stmt"/>
        <line num="7" count="0" type="stmt"/>
        <line num="9" count="0" type="stmt"/>
        <line num="11" count="0" type="stmt"/>
      </file>
      <file name="teacherController.ts" path="/home/bernardo/Documentos/Driven Projects/projeto-17-repoprovas-api/src/controllers/teacherController.ts">
        <metrics statements="7" coveredstatements="7" conditionals="0" coveredconditionals="0" methods="2" coveredmethods="2"/>
        <line num="4" count="1" type="stmt"/>
        <line num="7" count="1" type="stmt"/>
        <line num="9" count="1" type="stmt"/>
        <line num="11" count="1" type="stmt"/>
        <line num="15" count="2" type="stmt"/>
        <line num="17" count="2" type="stmt"/>
        <line num="19" count="1" type="stmt"/>
      </file>
      <file name="termController.ts" path="/home/bernardo/Documentos/Driven Projects/projeto-17-repoprovas-api/src/controllers/termController.ts">
        <metrics statements="3" coveredstatements="3" conditionals="0" coveredconditionals="0" methods="1" coveredmethods="1"/>
        <line num="4" count="1" type="stmt"/>
        <line num="7" count="1" type="stmt"/>
        <line num="9" count="1" type="stmt"/>
      </file>
      <file name="testsController.ts" path="/home/bernardo/Documentos/Driven Projects/projeto-17-repoprovas-api/src/controllers/testsController.ts">
        <metrics statements="14" coveredstatements="14" conditionals="0" coveredconditionals="0" methods="4" coveredmethods="4"/>
        <line num="4" count="1" type="stmt"/>
        <line num="7" count="2" type="stmt"/>
        <line num="9" count="2" type="stmt"/>
        <line num="11" count="1" type="stmt"/>
        <line num="15" count="2" type="stmt"/>
        <line num="17" count="2" type="stmt"/>
        <line num="19" count="1" type="stmt"/>
        <line num="23" count="2" type="stmt"/>
        <line num="25" count="2" type="stmt"/>
        <line num="27" count="1" type="stmt"/>
        <line num="31" count="3" type="stmt"/>
        <line num="32" count="3" type="stmt"/>
        <line num="34" count="3" type="stmt"/>
        <line num="36" count="1" type="stmt"/>
      </file>
      <file name="userController.ts" path="/home/bernardo/Documentos/Driven Projects/projeto-17-repoprovas-api/src/controllers/userController.ts">
        <metrics statements="7" coveredstatements="7" conditionals="0" coveredconditionals="0" methods="2" coveredmethods="2"/>
        <line num="5" count="1" type="stmt"/>
        <line num="8" count="2" type="stmt"/>
        <line num="10" count="2" type="stmt"/>
        <line num="12" count="1" type="stmt"/>
        <line num="16" count="3" type="stmt"/>
        <line num="18" count="3" type="stmt"/>
        <line num="20" count="1" type="stmt"/>
      </file>
    </package>
    <package name="src.errors">
      <metrics statements="9" coveredstatements="9" conditionals="0" coveredconditionals="0" methods="6" coveredmethods="6"/>
      <file name="HttpError.ts" path="/home/bernardo/Documentos/Driven Projects/projeto-17-repoprovas-api/src/errors/HttpError.ts">
        <metrics statements="4" coveredstatements="4" conditionals="0" coveredconditionals="0" methods="1" coveredmethods="1"/>
        <line num="6" count="42" type="stmt"/>
        <line num="7" count="42" type="stmt"/>
        <line num="8" count="42" type="stmt"/>
        <line num="10" count="42" type="stmt"/>
      </file>
      <file name="index.ts" path="/home/bernardo/Documentos/Driven Projects/projeto-17-repoprovas-api/src/errors/index.ts">
        <metrics statements="5" coveredstatements="5" conditionals="0" coveredconditionals="0" methods="5" coveredmethods="5"/>
        <line num="3" count="1" type="stmt"/>
        <line num="4" count="32" type="stmt"/>
        <line num="5" count="6" type="stmt"/>
        <line num="6" count="1" type="stmt"/>
        <line num="7" count="2" type="stmt"/>
      </file>
    </package>
    <package name="src.middlewares">
      <metrics statements="19" coveredstatements="18" conditionals="8" coveredconditionals="8" methods="6" coveredmethods="6"/>
      <file name="errorHandlingMiddleware.ts" path="/home/bernardo/Documentos/Driven Projects/projeto-17-repoprovas-api/src/middlewares/errorHandlingMiddleware.ts">
        <metrics statements="2" coveredstatements="1" conditionals="1" coveredconditionals="1" methods="1" coveredmethods="1"/>
        <line num="5" count="42" type="cond" truecount="1" falsecount="0"/>
        <line num="7" count="0" type="stmt"/>
      </file>
      <file name="validateSchemaMiddleware.ts" path="/home/bernardo/Documentos/Driven Projects/projeto-17-repoprovas-api/src/middlewares/validateSchemaMiddleware.ts">
        <metrics statements="8" coveredstatements="8" conditionals="2" coveredconditionals="2" methods="4" coveredmethods="4"/>
        <line num="7" count="10" type="stmt"/>
        <line num="11" count="2" type="stmt"/>
        <line num="12" count="7" type="stmt"/>
        <line num="14" count="7" type="stmt"/>
        <line num="15" count="10" type="cond" truecount="1" falsecount="0"/>
        <line num="18" count="7" type="stmt"/>
        <line num="19" count="7" type="cond" truecount="1" falsecount="0"/>
        <line num="21" count="5" type="stmt"/>
      </file>
      <file name="validateTokenMiddleware.ts" path="/home/bernardo/Documentos/Driven Projects/projeto-17-repoprovas-api/src/middlewares/validateTokenMiddleware.ts">
        <metrics statements="9" coveredstatements="9" conditionals="5" coveredconditionals="5" methods="1" coveredmethods="1"/>
        <line num="7" count="47" type="stmt"/>
        <line num="8" count="47" type="cond" truecount="4" falsecount="0"/>
        <line num="9" count="47" type="cond" truecount="1" falsecount="0"/>
        <line num="11" count="37" type="stmt"/>
        <line num="12" count="37" type="stmt"/>
        <line num="13" count="37" type="stmt"/>
        <line num="14" count="17" type="stmt"/>
        <line num="16" count="20" type="stmt"/>
        <line num="19" count="17" type="stmt"/>
      </file>
    </package>
    <package name="src.repositories">
      <metrics statements="40" coveredstatements="39" conditionals="0" coveredconditionals="0" methods="20" coveredmethods="19"/>
      <file name="categoriesRepository.ts" path="/home/bernardo/Documentos/Driven Projects/projeto-17-repoprovas-api/src/repositories/categoriesRepository.ts">
        <metrics statements="4" coveredstatements="4" conditionals="0" coveredconditionals="0" methods="2" coveredmethods="2"/>
        <line num="4" count="1" type="stmt"/>
        <line num="6" count="1" type="stmt"/>
        <line num="10" count="3" type="stmt"/>
        <line num="16" count="3" type="stmt"/>
      </file>
      <file name="disciplinesRepository.ts" path="/home/bernardo/Documentos/Driven Projects/projeto-17-repoprovas-api/src/repositories/disciplinesRepository.ts">
        <metrics statements="10" coveredstatements="10" conditionals="0" coveredconditionals="0" methods="5" coveredmethods="5"/>
        <line num="4" count="1" type="stmt"/>
        <line num="6" count="1" type="stmt"/>
        <line num="10" count="1" type="stmt"/>
        <line num="20" count="1" type="stmt"/>
        <line num="24" count="1" type="stmt"/>
        <line num="41" count="1" type="stmt"/>
        <line num="45" count="2" type="stmt"/>
        <line num="51" count="2" type="stmt"/>
        <line num="55" count="2" type="stmt"/>
        <line num="61" count="2" type="stmt"/>
      </file>
      <file name="teacherDisciplineRepository.ts" path="/home/bernardo/Documentos/Driven Projects/projeto-17-repoprovas-api/src/repositories/teacherDisciplineRepository.ts">
        <metrics statements="2" coveredstatements="2" conditionals="0" coveredconditionals="0" methods="1" coveredmethods="1"/>
        <line num="4" count="2" type="stmt"/>
        <line num="15" count="2" type="stmt"/>
      </file>
      <file name="teacherRepository.ts" path="/home/bernardo/Documentos/Driven Projects/projeto-17-repoprovas-api/src/repositories/teacherRepository.ts">
        <metrics statements="4" coveredstatements="4" conditionals="0" coveredconditionals="0" methods="2" coveredmethods="2"/>
        <line num="4" count="1" type="stmt"/>
        <line num="13" count="1" type="stmt"/>
        <line num="17" count="2" type="stmt"/>
        <line num="23" count="2" type="stmt"/>
      </file>
      <file name="termRepository.ts" path="/home/bernardo/Documentos/Driven Projects/projeto-17-repoprovas-api/src/repositories/termRepository.ts">
        <metrics statements="4" coveredstatements="4" conditionals="0" coveredconditionals="0" methods="2" coveredmethods="2"/>
        <line num="4" count="1" type="stmt"/>
        <line num="6" count="1" type="stmt"/>
        <line num="10" count="2" type="stmt"/>
        <line num="16" count="2" type="stmt"/>
      </file>
      <file name="testsRepository.ts" path="/home/bernardo/Documentos/Driven Projects/projeto-17-repoprovas-api/src/repositories/testsRepository.ts">
        <metrics statements="11" coveredstatements="11" conditionals="0" coveredconditionals="0" methods="5" coveredmethods="5"/>
        <line num="4" count="1" type="stmt"/>
        <line num="32" count="1" type="stmt"/>
        <line num="36" count="1" type="stmt"/>
        <line num="64" count="1" type="stmt"/>
        <line num="68" count="1" type="stmt"/>
        <line num="79" count="1" type="stmt"/>
        <line num="83" count="1" type="stmt"/>
        <line num="84" count="1" type="stmt"/>
        <line num="88" count="1" type="stmt"/>
        <line num="92" count="2" type="stmt"/>
        <line num="98" count="2" type="stmt"/>
      </file>
      <file name="userRepository.ts" path="/home/bernardo/Documentos/Driven Projects/projeto-17-repoprovas-api/src/repositories/userRepository.ts">
        <metrics statements="5" coveredstatements="4" conditionals="0" coveredconditionals="0" methods="3" coveredmethods="2"/>
        <line num="7" count="1" type="stmt"/>
        <line num="11" count="1" type="stmt"/>
        <line num="15" count="0" type="stmt"/>
        <line num="24" count="5" type="stmt"/>
        <line num="30" count="5" type="stmt"/>
      </file>
    </package>
    <package name="src.routers">
      <metrics statements="30" coveredstatements="30" conditionals="0" coveredconditionals="0" methods="0" coveredmethods="0"/>
      <file name="categoriesRouter.ts" path="/home/bernardo/Documentos/Driven Projects/projeto-17-repoprovas-api/src/routers/categoriesRouter.ts">
        <metrics statements="2" coveredstatements="2" conditionals="0" coveredconditionals="0" methods="0" coveredmethods="0"/>
        <line num="5" count="1" type="stmt"/>
        <line num="7" count="1" type="stmt"/>
      </file>
      <file name="disciplinesRouter.ts" path="/home/bernardo/Documentos/Driven Projects/projeto-17-repoprovas-api/src/routers/disciplinesRouter.ts">
        <metrics statements="3" coveredstatements="3" conditionals="0" coveredconditionals="0" methods="0" coveredmethods="0"/>
        <line num="5" count="1" type="stmt"/>
        <line num="7" count="1" type="stmt"/>
        <line num="8" count="1" type="stmt"/>
      </file>
      <file name="index.ts" path="/home/bernardo/Documentos/Driven Projects/projeto-17-repoprovas-api/src/routers/index.ts">
        <metrics statements="8" coveredstatements="8" conditionals="0" coveredconditionals="0" methods="0" coveredmethods="0"/>
        <line num="10" count="1" type="stmt"/>
        <line num="12" count="1" type="stmt"/>
        <line num="13" count="1" type="stmt"/>
        <line num="14" count="1" type="stmt"/>
        <line num="15" count="1" type="stmt"/>
        <line num="16" count="1" type="stmt"/>
        <line num="17" count="1" type="stmt"/>
        <line num="18" count="1" type="stmt"/>
      </file>
      <file name="oauthRouter.ts" path="/home/bernardo/Documentos/Driven Projects/projeto-17-repoprovas-api/src/routers/oauthRouter.ts">
        <metrics statements="2" coveredstatements="2" conditionals="0" coveredconditionals="0" methods="0" coveredmethods="0"/>
        <line num="4" count="1" type="stmt"/>
        <line num="6" count="1" type="stmt"/>
      </file>
      <file name="teachersRouter.ts" path="/home/bernardo/Documentos/Driven Projects/projeto-17-repoprovas-api/src/routers/teachersRouter.ts">
        <metrics statements="3" coveredstatements="3" conditionals="0" coveredconditionals="0" methods="0" coveredmethods="0"/>
        <line num="5" count="1" type="stmt"/>
        <line num="7" count="1" type="stmt"/>
        <line num="8" count="1" type="stmt"/>
      </file>
      <file name="termsRouter.ts" path="/home/bernardo/Documentos/Driven Projects/projeto-17-repoprovas-api/src/routers/termsRouter.ts">
        <metrics statements="2" coveredstatements="2" conditionals="0" coveredconditionals="0" methods="0" coveredmethods="0"/>
        <line num="5" count="1" type="stmt"/>
        <line num="7" count="1" type="stmt"/>
      </file>
      <file name="testsRouter.ts" path="/home/bernardo/Documentos/Driven Projects/projeto-17-repoprovas-api/src/routers/testsRouter.ts">
        <metrics statements="7" coveredstatements="7" conditionals="0" coveredconditionals="0" methods="0" coveredmethods="0"/>
        <line num="8" count="1" type="stmt"/>
        <line num="9" count="1" type="stmt"/>
        <line num="11" count="1" type="stmt"/>
        <line num="13" count="1" type="stmt"/>
        <line num="14" count="1" type="stmt"/>
        <line num="15" count="1" type="stmt"/>
        <line num="16" count="1" type="stmt"/>
      </file>
      <file name="userRouter.ts" path="/home/bernardo/Documentos/Driven Projects/projeto-17-repoprovas-api/src/routers/userRouter.ts">
        <metrics statements="3" coveredstatements="3" conditionals="0" coveredconditionals="0" methods="0" coveredmethods="0"/>
        <line num="6" count="1" type="stmt"/>
        <line num="8" count="1" type="stmt"/>
        <line num="9" count="1" type="stmt"/>
      </file>
    </package>
    <package name="src.schemas">
      <metrics statements="1" coveredstatements="1" conditionals="0" coveredconditionals="0" methods="0" coveredmethods="0"/>
      <file name="userSchema.ts" path="/home/bernardo/Documentos/Driven Projects/projeto-17-repoprovas-api/src/schemas/userSchema.ts">
        <metrics statements="1" coveredstatements="1" conditionals="0" coveredconditionals="0" methods="0" coveredmethods="0"/>
        <line num="4" count="1" type="stmt"/>
      </file>
    </package>
    <package name="src.services">
      <metrics statements="92" coveredstatements="73" conditionals="16" coveredconditionals="14" methods="33" coveredmethods="28"/>
      <file name="categoriesService.ts" path="/home/bernardo/Documentos/Driven Projects/projeto-17-repoprovas-api/src/services/categoriesService.ts">
        <metrics statements="2" coveredstatements="2" conditionals="0" coveredconditionals="0" methods="1" coveredmethods="1"/>
        <line num="5" count="1" type="stmt"/>
        <line num="7" count="1" type="stmt"/>
      </file>
      <file name="disciplineService.ts" path="/home/bernardo/Documentos/Driven Projects/projeto-17-repoprovas-api/src/services/disciplineService.ts">
        <metrics statements="8" coveredstatements="8" conditionals="1" coveredconditionals="1" methods="4" coveredmethods="4"/>
        <line num="7" count="1" type="stmt"/>
        <line num="9" count="1" type="stmt"/>
        <line num="13" count="2" type="stmt"/>
        <line num="14" count="1" type="stmt"/>
        <line num="16" count="1" type="stmt"/>
        <line num="19" count="1" type="stmt"/>
        <line num="20" count="2" type="stmt"/>
        <line num="21" count="2" type="cond" truecount="1" falsecount="0"/>
      </file>
      <file name="oauthService.ts" path="/home/bernardo/Documentos/Driven Projects/projeto-17-repoprovas-api/src/services/oauthService.ts">
        <metrics statements="19" coveredstatements="1" conditionals="1" coveredconditionals="0" methods="6" coveredmethods="1"/>
        <line num="8" count="0" type="stmt"/>
        <line num="9" count="0" type="stmt"/>
        <line num="10" count="0" type="stmt"/>
        <line num="12" count="0" type="stmt"/>
        <line num="14" count="1" type="stmt"/>
        <line num="15" count="0" type="stmt"/>
        <line num="16" count="0" type="stmt"/>
        <line num="17" count="0" type="stmt"/>
        <line num="18" count="0" type="stmt"/>
        <line num="22" count="0" type="stmt"/>
        <line num="23" count="0" type="stmt"/>
        <line num="24" count="0" type="stmt"/>
        <line num="28" count="0" type="stmt"/>
        <line num="29" count="0" type="cond" truecount="0" falsecount="1"/>
        <line num="30" count="0" type="stmt"/>
        <line num="34" count="0" type="stmt"/>
        <line num="35" count="0" type="stmt"/>
        <line num="36" count="0" type="stmt"/>
        <line num="37" count="0" type="stmt"/>
      </file>
      <file name="teacherService.ts" path="/home/bernardo/Documentos/Driven Projects/projeto-17-repoprovas-api/src/services/teacherService.ts">
        <metrics statements="8" coveredstatements="8" conditionals="1" coveredconditionals="1" methods="4" coveredmethods="4"/>
        <line num="7" count="1" type="stmt"/>
        <line num="9" count="1" type="stmt"/>
        <line num="13" count="2" type="stmt"/>
        <line num="14" count="1" type="stmt"/>
        <line num="16" count="1" type="stmt"/>
        <line num="19" count="1" type="stmt"/>
        <line num="20" count="2" type="stmt"/>
        <line num="21" count="2" type="cond" truecount="1" falsecount="0"/>
      </file>
      <file name="termsService.ts" path="/home/bernardo/Documentos/Driven Projects/projeto-17-repoprovas-api/src/services/termsService.ts">
        <metrics statements="2" coveredstatements="2" conditionals="0" coveredconditionals="0" methods="1" coveredmethods="1"/>
        <line num="5" count="1" type="stmt"/>
        <line num="7" count="1" type="stmt"/>
      </file>
      <file name="testsService.ts" path="/home/bernardo/Documentos/Driven Projects/projeto-17-repoprovas-api/src/services/testsService.ts">
        <metrics statements="35" coveredstatements="34" conditionals="5" coveredconditionals="5" methods="11" coveredmethods="11"/>
        <line num="11" count="2" type="stmt"/>
        <line num="13" count="1" type="stmt"/>
        <line num="15" count="1" type="stmt"/>
        <line num="19" count="2" type="stmt"/>
        <line num="21" count="1" type="stmt"/>
        <line num="23" count="1" type="stmt"/>
        <line num="27" count="2" type="stmt"/>
        <line num="29" count="1" type="stmt"/>
        <line num="33" count="3" type="stmt"/>
        <line num="34" count="2" type="stmt"/>
        <line num="35" count="1" type="stmt"/>
        <line num="37" count="1" type="stmt"/>
        <line num="38" count="1" type="stmt"/>
        <line num="39" count="1" type="stmt"/>
        <line num="40" count="1" type="stmt"/>
        <line num="42" count="1" type="stmt"/>
        <line num="45" count="1" type="stmt"/>
        <line num="46" count="1" type="stmt"/>
        <line num="48" count="1" type="stmt"/>
        <line num="49" count="1" type="stmt"/>
        <line num="55" count="1" type="stmt"/>
        <line num="57" count="1" type="stmt"/>
        <line num="59" count="0" type="stmt"/>
        <line num="64" count="2" type="stmt"/>
        <line num="65" count="2" type="cond" truecount="1" falsecount="0"/>
        <line num="69" count="2" type="stmt"/>
        <line num="70" count="2" type="cond" truecount="1" falsecount="0"/>
        <line num="74" count="2" type="stmt"/>
        <line num="75" count="2" type="cond" truecount="1" falsecount="0"/>
        <line num="79" count="3" type="stmt"/>
        <line num="80" count="3" type="cond" truecount="1" falsecount="0"/>
        <line num="81" count="2" type="stmt"/>
        <line num="85" count="2" type="stmt"/>
        <line num="86" count="2" type="cond" truecount="1" falsecount="0"/>
        <line num="87" count="1" type="stmt"/>
      </file>
      <file name="userService.ts" path="/home/bernardo/Documentos/Driven Projects/projeto-17-repoprovas-api/src/services/userService.ts">
        <metrics statements="18" coveredstatements="18" conditionals="8" coveredconditionals="7" methods="6" coveredmethods="6"/>
        <line num="8" count="1" type="stmt"/>
        <line num="12" count="2" type="stmt"/>
        <line num="13" count="2" type="stmt"/>
        <line num="15" count="2" type="cond" truecount="2" falsecount="0"/>
        <line num="16" count="1" type="stmt"/>
        <line num="20" count="3" type="stmt"/>
        <line num="22" count="1" type="stmt"/>
        <line num="24" count="1" type="stmt"/>
        <line num="27" count="1" type="stmt"/>
        <line num="28" count="1" type="cond" truecount="1" falsecount="1"/>
        <line num="29" count="1" type="stmt"/>
        <line num="33" count="3" type="stmt"/>
        <line num="35" count="3" type="cond" truecount="4" falsecount="0"/>
        <line num="37" count="1" type="stmt"/>
        <line num="41" count="1" type="stmt"/>
        <line num="42" count="1" type="stmt"/>
        <line num="43" count="1" type="stmt"/>
        <line num="44" count="1" type="stmt"/>
      </file>
    </package>
    <package name="tests.factories">
      <metrics statements="4" coveredstatements="4" conditionals="0" coveredconditionals="0" methods="3" coveredmethods="3"/>
      <file name="testFactory.ts" path="/home/bernardo/Documentos/Driven Projects/projeto-17-repoprovas-api/tests/factories/testFactory.ts">
        <metrics statements="1" coveredstatements="1" conditionals="0" coveredconditionals="0" methods="1" coveredmethods="1"/>
        <line num="15" count="3" type="stmt"/>
      </file>
      <file name="userFactory.ts" path="/home/bernardo/Documentos/Driven Projects/projeto-17-repoprovas-api/tests/factories/userFactory.ts">
        <metrics statements="3" coveredstatements="3" conditionals="0" coveredconditionals="0" methods="2" coveredmethods="2"/>
        <line num="7" count="1" type="stmt"/>
        <line num="10" count="3" type="stmt"/>
        <line num="19" count="5" type="stmt"/>
      </file>
    </package>
  </project>
</coverage>
