{"/home/bernardo/Documentos/Driven Projects/projeto-17-repoprovas-api/prisma/seed.ts": {"path":"/home/bernardo/Documentos/Driven Projects/projeto-17-repoprovas-api/prisma/seed.ts","statementMap":{"0":{"start":{"line":6,"column":23},"end":{"line":14,"column":6}},"1":{"start":{"line":15,"column":29},"end":{"line":23,"column":6}},"2":{"start":{"line":24,"column":35},"end":{"line":33,"column":6}},"3":{"start":{"line":34,"column":49},"end":{"line":43,"column":6}},"4":{"start":{"line":44,"column":31},"end":{"line":52,"column":6}},"5":{"start":{"line":53,"column":23},"end":{"line":64,"column":6}},"6":{"start":{"line":66,"column":4},"end":{"line":73,"column":null}}},"fnMap":{"0":{"name":"seed","decl":{"start":{"line":5,"column":30},"end":{"line":5,"column":34}},"loc":{"start":{"line":5,"column":34},"end":{"line":74,"column":1}}}},"branchMap":{},"s":{"0":54,"1":54,"2":54,"3":54,"4":54,"5":54,"6":54},"f":{"0":54},"b":{}}
,"/home/bernardo/Documentos/Driven Projects/projeto-17-repoprovas-api/src/app.ts": {"path":"/home/bernardo/Documentos/Driven Projects/projeto-17-repoprovas-api/src/app.ts","statementMap":{"0":{"start":{"line":7,"column":12},"end":{"line":7,"column":21}},"1":{"start":{"line":8,"column":0},"end":{"line":8,"column":16}},"2":{"start":{"line":9,"column":0},"end":{"line":9,"column":16}},"3":{"start":{"line":10,"column":0},"end":{"line":10,"column":48}},"4":{"start":{"line":11,"column":0},"end":{"line":11,"column":16}},"5":{"start":{"line":12,"column":0},"end":{"line":12,"column":33}}},"fnMap":{},"branchMap":{},"s":{"0":1,"1":1,"2":1,"3":1,"4":1,"5":1},"f":{},"b":{}}
,"/home/bernardo/Documentos/Driven Projects/projeto-17-repoprovas-api/src/config.ts": {"path":"/home/bernardo/Documentos/Driven Projects/projeto-17-repoprovas-api/src/config.ts","statementMap":{},"fnMap":{},"branchMap":{"0":{"loc":{"start":{"line":4,"column":10},"end":{"line":4,"column":34}},"type":"binary-expr","locations":[{"start":{"line":4,"column":10},"end":{"line":4,"column":26}},{"start":{"line":4,"column":30},"end":{"line":4,"column":34}}]}},"s":{},"f":{},"b":{"0":[1,1]}}
,"/home/bernardo/Documentos/Driven Projects/projeto-17-repoprovas-api/src/database.ts": {"path":"/home/bernardo/Documentos/Driven Projects/projeto-17-repoprovas-api/src/database.ts","statementMap":{"0":{"start":{"line":3,"column":25},"end":{"line":3,"column":28}},"1":{"start":{"line":5,"column":22},"end":{"line":5,"column":40}}},"fnMap":{},"branchMap":{},"s":{"0":1,"1":1},"f":{},"b":{}}
,"/home/bernardo/Documentos/Driven Projects/projeto-17-repoprovas-api/src/supabase.ts": {"path":"/home/bernardo/Documentos/Driven Projects/projeto-17-repoprovas-api/src/supabase.ts","statementMap":{"0":{"start":{"line":4,"column":17},"end":{"line":4,"column":73}},"1":{"start":{"line":5,"column":22},"end":{"line":5,"column":57}}},"fnMap":{},"branchMap":{},"s":{"0":1,"1":1},"f":{},"b":{}}
,"/home/bernardo/Documentos/Driven Projects/projeto-17-repoprovas-api/src/controllers/categoriesController.ts": {"path":"/home/bernardo/Documentos/Driven Projects/projeto-17-repoprovas-api/src/controllers/categoriesController.ts","statementMap":{"0":{"start":{"line":4,"column":16},"end":{"line":4,"column":39}},"1":{"start":{"line":7,"column":23},"end":{"line":7,"column":45}},"2":{"start":{"line":9,"column":4},"end":{"line":9,"column":null}}},"fnMap":{"0":{"name":"getAll","decl":{"start":{"line":6,"column":22},"end":{"line":6,"column":28}},"loc":{"start":{"line":6,"column":56},"end":{"line":10,"column":1}}}},"branchMap":{},"s":{"0":1,"1":1,"2":1},"f":{"0":1},"b":{}}
,"/home/bernardo/Documentos/Driven Projects/projeto-17-repoprovas-api/src/controllers/disciplineController.ts": {"path":"/home/bernardo/Documentos/Driven Projects/projeto-17-repoprovas-api/src/controllers/disciplineController.ts","statementMap":{"0":{"start":{"line":4,"column":16},"end":{"line":4,"column":39}},"1":{"start":{"line":7,"column":24},"end":{"line":7,"column":46}},"2":{"start":{"line":9,"column":4},"end":{"line":9,"column":null}},"3":{"start":{"line":13,"column":24},"end":{"line":13,"column":47}},"4":{"start":{"line":14,"column":19},"end":{"line":14,"column":45}},"5":{"start":{"line":16,"column":24},"end":{"line":16,"column":68}},"6":{"start":{"line":18,"column":4},"end":{"line":18,"column":null}}},"fnMap":{"0":{"name":"getAll","decl":{"start":{"line":6,"column":22},"end":{"line":6,"column":28}},"loc":{"start":{"line":6,"column":56},"end":{"line":10,"column":1}}},"1":{"name":"getByTerm","decl":{"start":{"line":12,"column":22},"end":{"line":12,"column":31}},"loc":{"start":{"line":12,"column":59},"end":{"line":19,"column":1}}}},"branchMap":{},"s":{"0":1,"1":1,"2":1,"3":2,"4":2,"5":2,"6":1},"f":{"0":1,"1":2},"b":{}}
,"/home/bernardo/Documentos/Driven Projects/projeto-17-repoprovas-api/src/controllers/oauthController.ts": {"path":"/home/bernardo/Documentos/Driven Projects/projeto-17-repoprovas-api/src/controllers/oauthController.ts","statementMap":{"0":{"start":{"line":4,"column":16},"end":{"line":4,"column":34}},"1":{"start":{"line":7,"column":21},"end":{"line":7,"column":29}},"2":{"start":{"line":9,"column":24},"end":{"line":9,"column":49}},"3":{"start":{"line":11,"column":4},"end":{"line":11,"column":null}}},"fnMap":{"0":{"name":"login","decl":{"start":{"line":6,"column":22},"end":{"line":6,"column":27}},"loc":{"start":{"line":6,"column":55},"end":{"line":12,"column":1}}}},"branchMap":{},"s":{"0":1,"1":0,"2":0,"3":0},"f":{"0":0},"b":{}}
,"/home/bernardo/Documentos/Driven Projects/projeto-17-repoprovas-api/src/controllers/teacherController.ts": {"path":"/home/bernardo/Documentos/Driven Projects/projeto-17-repoprovas-api/src/controllers/teacherController.ts","statementMap":{"0":{"start":{"line":4,"column":16},"end":{"line":4,"column":36}},"1":{"start":{"line":7,"column":19},"end":{"line":7,"column":45}},"2":{"start":{"line":9,"column":21},"end":{"line":9,"column":49}},"3":{"start":{"line":11,"column":4},"end":{"line":11,"column":null}},"4":{"start":{"line":15,"column":27},"end":{"line":15,"column":42}},"5":{"start":{"line":17,"column":21},"end":{"line":17,"column":66}},"6":{"start":{"line":19,"column":4},"end":{"line":19,"column":null}}},"fnMap":{"0":{"name":"getAll","decl":{"start":{"line":6,"column":22},"end":{"line":6,"column":28}},"loc":{"start":{"line":6,"column":56},"end":{"line":12,"column":1}}},"1":{"name":"getByDiscipline","decl":{"start":{"line":14,"column":22},"end":{"line":14,"column":37}},"loc":{"start":{"line":14,"column":65},"end":{"line":20,"column":1}}}},"branchMap":{},"s":{"0":1,"1":1,"2":1,"3":1,"4":2,"5":2,"6":1},"f":{"0":1,"1":2},"b":{}}
,"/home/bernardo/Documentos/Driven Projects/projeto-17-repoprovas-api/src/controllers/termController.ts": {"path":"/home/bernardo/Documentos/Driven Projects/projeto-17-repoprovas-api/src/controllers/termController.ts","statementMap":{"0":{"start":{"line":4,"column":16},"end":{"line":4,"column":34}},"1":{"start":{"line":7,"column":18},"end":{"line":7,"column":40}},"2":{"start":{"line":9,"column":4},"end":{"line":9,"column":null}}},"fnMap":{"0":{"name":"getAll","decl":{"start":{"line":6,"column":22},"end":{"line":6,"column":28}},"loc":{"start":{"line":6,"column":56},"end":{"line":10,"column":1}}}},"branchMap":{},"s":{"0":1,"1":1,"2":1},"f":{"0":1},"b":{}}
,"/home/bernardo/Documentos/Driven Projects/projeto-17-repoprovas-api/src/controllers/testsController.ts": {"path":"/home/bernardo/Documentos/Driven Projects/projeto-17-repoprovas-api/src/controllers/testsController.ts","statementMap":{"0":{"start":{"line":4,"column":16},"end":{"line":4,"column":33}},"1":{"start":{"line":7,"column":25},"end":{"line":7,"column":48}},"2":{"start":{"line":9,"column":18},"end":{"line":9,"column":62}},"3":{"start":{"line":11,"column":4},"end":{"line":11,"column":null}},"4":{"start":{"line":15,"column":22},"end":{"line":15,"column":45}},"5":{"start":{"line":17,"column":18},"end":{"line":17,"column":56}},"6":{"start":{"line":19,"column":4},"end":{"line":19,"column":null}},"7":{"start":{"line":23,"column":19},"end":{"line":23,"column":42}},"8":{"start":{"line":25,"column":4},"end":{"line":25,"column":null}},"9":{"start":{"line":27,"column":4},"end":{"line":27,"column":null}},"10":{"start":{"line":31,"column":16},"end":{"line":31,"column":24}},"11":{"start":{"line":32,"column":17},"end":{"line":32,"column":25}},"12":{"start":{"line":34,"column":4},"end":{"line":34,"column":null}},"13":{"start":{"line":36,"column":4},"end":{"line":36,"column":null}}},"fnMap":{"0":{"name":"getByDiscipline","decl":{"start":{"line":6,"column":22},"end":{"line":6,"column":37}},"loc":{"start":{"line":6,"column":65},"end":{"line":12,"column":1}}},"1":{"name":"getByTeacher","decl":{"start":{"line":14,"column":22},"end":{"line":14,"column":34}},"loc":{"start":{"line":14,"column":62},"end":{"line":20,"column":1}}},"2":{"name":"updateViews","decl":{"start":{"line":22,"column":22},"end":{"line":22,"column":33}},"loc":{"start":{"line":22,"column":61},"end":{"line":28,"column":1}}},"3":{"name":"create","decl":{"start":{"line":30,"column":22},"end":{"line":30,"column":28}},"loc":{"start":{"line":30,"column":56},"end":{"line":37,"column":1}}}},"branchMap":{},"s":{"0":1,"1":2,"2":2,"3":1,"4":2,"5":2,"6":1,"7":2,"8":2,"9":1,"10":3,"11":3,"12":3,"13":1},"f":{"0":2,"1":2,"2":2,"3":3},"b":{}}
,"/home/bernardo/Documentos/Driven Projects/projeto-17-repoprovas-api/src/controllers/userController.ts": {"path":"/home/bernardo/Documentos/Driven Projects/projeto-17-repoprovas-api/src/controllers/userController.ts","statementMap":{"0":{"start":{"line":5,"column":16},"end":{"line":5,"column":33}},"1":{"start":{"line":8,"column":37},"end":{"line":8,"column":45}},"2":{"start":{"line":10,"column":4},"end":{"line":10,"column":null}},"3":{"start":{"line":12,"column":4},"end":{"line":12,"column":null}},"4":{"start":{"line":16,"column":37},"end":{"line":16,"column":45}},"5":{"start":{"line":18,"column":18},"end":{"line":18,"column":47}},"6":{"start":{"line":20,"column":4},"end":{"line":20,"column":null}}},"fnMap":{"0":{"name":"register","decl":{"start":{"line":7,"column":22},"end":{"line":7,"column":30}},"loc":{"start":{"line":7,"column":58},"end":{"line":13,"column":1}}},"1":{"name":"login","decl":{"start":{"line":15,"column":22},"end":{"line":15,"column":27}},"loc":{"start":{"line":15,"column":55},"end":{"line":21,"column":1}}}},"branchMap":{},"s":{"0":1,"1":2,"2":2,"3":1,"4":3,"5":3,"6":1},"f":{"0":2,"1":3},"b":{}}
,"/home/bernardo/Documentos/Driven Projects/projeto-17-repoprovas-api/src/errors/HttpError.ts": {"path":"/home/bernardo/Documentos/Driven Projects/projeto-17-repoprovas-api/src/errors/HttpError.ts","statementMap":{"0":{"start":{"line":6,"column":8},"end":{"line":6,"column":16}},"1":{"start":{"line":7,"column":8},"end":{"line":7,"column":31}},"2":{"start":{"line":8,"column":8},"end":{"line":8,"column":29}},"3":{"start":{"line":10,"column":8},"end":{"line":10,"column":58}}},"fnMap":{"0":{"name":"(anonymous_0)","decl":{"start":{"line":5,"column":4},"end":{"line":5,"column":16}},"loc":{"start":{"line":5,"column":47},"end":{"line":11,"column":5}}}},"branchMap":{},"s":{"0":42,"1":42,"2":42,"3":42},"f":{"0":42},"b":{}}
,"/home/bernardo/Documentos/Driven Projects/projeto-17-repoprovas-api/src/errors/index.ts": {"path":"/home/bernardo/Documentos/Driven Projects/projeto-17-repoprovas-api/src/errors/index.ts","statementMap":{"0":{"start":{"line":3,"column":20},"end":{"line":3,"column":68}},"1":{"start":{"line":3,"column":41},"end":{"line":3,"column":68}},"2":{"start":{"line":4,"column":22},"end":{"line":4,"column":70}},"3":{"start":{"line":4,"column":43},"end":{"line":4,"column":70}},"4":{"start":{"line":5,"column":18},"end":{"line":5,"column":66}},"5":{"start":{"line":5,"column":39},"end":{"line":5,"column":66}},"6":{"start":{"line":6,"column":18},"end":{"line":6,"column":66}},"7":{"start":{"line":6,"column":39},"end":{"line":6,"column":66}},"8":{"start":{"line":7,"column":29},"end":{"line":7,"column":77}},"9":{"start":{"line":7,"column":50},"end":{"line":7,"column":77}}},"fnMap":{"0":{"name":"(anonymous_0)","decl":{"start":{"line":3,"column":20},"end":{"line":3,"column":21}},"loc":{"start":{"line":3,"column":41},"end":{"line":3,"column":68}}},"1":{"name":"(anonymous_1)","decl":{"start":{"line":4,"column":22},"end":{"line":4,"column":23}},"loc":{"start":{"line":4,"column":43},"end":{"line":4,"column":70}}},"2":{"name":"(anonymous_2)","decl":{"start":{"line":5,"column":18},"end":{"line":5,"column":19}},"loc":{"start":{"line":5,"column":39},"end":{"line":5,"column":66}}},"3":{"name":"(anonymous_3)","decl":{"start":{"line":6,"column":18},"end":{"line":6,"column":19}},"loc":{"start":{"line":6,"column":39},"end":{"line":6,"column":66}}},"4":{"name":"(anonymous_4)","decl":{"start":{"line":7,"column":29},"end":{"line":7,"column":30}},"loc":{"start":{"line":7,"column":50},"end":{"line":7,"column":77}}}},"branchMap":{},"s":{"0":1,"1":1,"2":1,"3":32,"4":1,"5":6,"6":1,"7":1,"8":1,"9":2},"f":{"0":1,"1":32,"2":6,"3":1,"4":2},"b":{}}
,"/home/bernardo/Documentos/Driven Projects/projeto-17-repoprovas-api/src/middlewares/errorHandlingMiddleware.ts": {"path":"/home/bernardo/Documentos/Driven Projects/projeto-17-repoprovas-api/src/middlewares/errorHandlingMiddleware.ts","statementMap":{"0":{"start":{"line":5,"column":1},"end":{"line":5,"column":85}},"1":{"start":{"line":5,"column":33},"end":{"line":5,"column":85}},"2":{"start":{"line":7,"column":4},"end":{"line":7,"column":47}}},"fnMap":{"0":{"name":"errorHandlingMiddleware","decl":{"start":{"line":4,"column":30},"end":{"line":4,"column":53}},"loc":{"start":{"line":4,"column":113},"end":{"line":8,"column":1}}}},"branchMap":{"0":{"loc":{"start":{"line":5,"column":1},"end":{"line":5,"column":85}},"type":"if","locations":[{"start":{"line":5,"column":1},"end":{"line":5,"column":85}}]}},"s":{"0":42,"1":42,"2":0},"f":{"0":42},"b":{"0":[42]}}
,"/home/bernardo/Documentos/Driven Projects/projeto-17-repoprovas-api/src/middlewares/validateSchemaMiddleware.ts": {"path":"/home/bernardo/Documentos/Driven Projects/projeto-17-repoprovas-api/src/middlewares/validateSchemaMiddleware.ts","statementMap":{"0":{"start":{"line":7,"column":4},"end":{"line":7,"column":43}},"1":{"start":{"line":11,"column":4},"end":{"line":22,"column":6}},"2":{"start":{"line":12,"column":25},"end":{"line":12,"column":28}},"3":{"start":{"line":14,"column":8},"end":{"line":16,"column":11}},"4":{"start":{"line":15,"column":12},"end":{"line":15,"column":null}},"5":{"start":{"line":15,"column":47},"end":{"line":15,"column":null}},"6":{"start":{"line":18,"column":27},"end":{"line":18,"column":71}},"7":{"start":{"line":19,"column":8},"end":{"line":19,"column":81}},"8":{"start":{"line":19,"column":29},"end":{"line":19,"column":81}},"9":{"start":{"line":21,"column":8},"end":{"line":21,"column":15}}},"fnMap":{"0":{"name":"sanitizeString","decl":{"start":{"line":6,"column":9},"end":{"line":6,"column":23}},"loc":{"start":{"line":6,"column":38},"end":{"line":8,"column":1}}},"1":{"name":"validateSchemaMiddleware","decl":{"start":{"line":10,"column":24},"end":{"line":10,"column":48}},"loc":{"start":{"line":10,"column":73},"end":{"line":23,"column":1}}},"2":{"name":"(anonymous_2)","decl":{"start":{"line":11,"column":11},"end":{"line":11,"column":12}},"loc":{"start":{"line":11,"column":63},"end":{"line":22,"column":5}}},"3":{"name":"(anonymous_3)","decl":{"start":{"line":14,"column":35},"end":{"line":14,"column":38}},"loc":{"start":{"line":14,"column":41},"end":{"line":16,"column":9}}}},"branchMap":{"0":{"loc":{"start":{"line":15,"column":12},"end":{"line":15,"column":null}},"type":"if","locations":[{"start":{"line":15,"column":12},"end":{"line":15,"column":null}}]},"1":{"loc":{"start":{"line":19,"column":8},"end":{"line":19,"column":81}},"type":"if","locations":[{"start":{"line":19,"column":8},"end":{"line":19,"column":81}}]}},"s":{"0":10,"1":2,"2":7,"3":7,"4":10,"5":10,"6":7,"7":7,"8":2,"9":5},"f":{"0":10,"1":2,"2":7,"3":10},"b":{"0":[10],"1":[2]}}
,"/home/bernardo/Documentos/Driven Projects/projeto-17-repoprovas-api/src/middlewares/validateTokenMiddleware.ts": {"path":"/home/bernardo/Documentos/Driven Projects/projeto-17-repoprovas-api/src/middlewares/validateTokenMiddleware.ts","statementMap":{"0":{"start":{"line":7,"column":28},"end":{"line":7,"column":39}},"1":{"start":{"line":8,"column":16},"end":{"line":8,"column":53}},"2":{"start":{"line":9,"column":2},"end":{"line":9,"column":52}},"3":{"start":{"line":9,"column":13},"end":{"line":9,"column":52}},"4":{"start":{"line":11,"column":2},"end":{"line":17,"column":null}},"5":{"start":{"line":12,"column":22},"end":{"line":12,"column":38}},"6":{"start":{"line":13,"column":23},"end":{"line":13,"column":73}},"7":{"start":{"line":14,"column":4},"end":{"line":14,"column":33}},"8":{"start":{"line":16,"column":4},"end":{"line":16,"column":61}},"9":{"start":{"line":19,"column":4},"end":{"line":19,"column":11}}},"fnMap":{"0":{"name":"validateTokenMiddleware","decl":{"start":{"line":6,"column":30},"end":{"line":6,"column":53}},"loc":{"start":{"line":6,"column":101},"end":{"line":20,"column":1}}}},"branchMap":{"0":{"loc":{"start":{"line":8,"column":16},"end":{"line":8,"column":53}},"type":"cond-expr","locations":[{"start":{"line":8,"column":29},"end":{"line":8,"column":31}},{"start":{"line":8,"column":16},"end":{"line":8,"column":53}}]},"1":{"loc":{"start":{"line":8,"column":16},"end":{"line":8,"column":31}},"type":"binary-expr","locations":[{"start":{"line":8,"column":16},"end":{"line":8,"column":31}},{"start":{"line":8,"column":16},"end":{"line":8,"column":31}}]},"2":{"loc":{"start":{"line":9,"column":2},"end":{"line":9,"column":52}},"type":"if","locations":[{"start":{"line":9,"column":2},"end":{"line":9,"column":52}}]}},"s":{"0":47,"1":47,"2":47,"3":10,"4":37,"5":37,"6":37,"7":17,"8":20,"9":17},"f":{"0":47},"b":{"0":[10,37],"1":[47,47],"2":[10]}}
,"/home/bernardo/Documentos/Driven Projects/projeto-17-repoprovas-api/src/repositories/categoriesRepository.ts": {"path":"/home/bernardo/Documentos/Driven Projects/projeto-17-repoprovas-api/src/repositories/categoriesRepository.ts","statementMap":{"0":{"start":{"line":4,"column":23},"end":{"line":4,"column":55}},"1":{"start":{"line":6,"column":4},"end":{"line":6,"column":22}},"2":{"start":{"line":10,"column":23},"end":{"line":14,"column":6}},"3":{"start":{"line":16,"column":4},"end":{"line":16,"column":22}}},"fnMap":{"0":{"name":"list","decl":{"start":{"line":3,"column":22},"end":{"line":3,"column":26}},"loc":{"start":{"line":3,"column":26},"end":{"line":7,"column":1}}},"1":{"name":"find","decl":{"start":{"line":9,"column":22},"end":{"line":9,"column":26}},"loc":{"start":{"line":9,"column":47},"end":{"line":17,"column":1}}}},"branchMap":{},"s":{"0":1,"1":1,"2":3,"3":3},"f":{"0":1,"1":3},"b":{}}
,"/home/bernardo/Documentos/Driven Projects/projeto-17-repoprovas-api/src/repositories/disciplinesRepository.ts": {"path":"/home/bernardo/Documentos/Driven Projects/projeto-17-repoprovas-api/src/repositories/disciplinesRepository.ts","statementMap":{"0":{"start":{"line":4,"column":24},"end":{"line":4,"column":58}},"1":{"start":{"line":6,"column":4},"end":{"line":6,"column":23}},"2":{"start":{"line":10,"column":24},"end":{"line":18,"column":6}},"3":{"start":{"line":20,"column":4},"end":{"line":20,"column":23}},"4":{"start":{"line":24,"column":23},"end":{"line":39,"column":6}},"5":{"start":{"line":41,"column":4},"end":{"line":41,"column":22}},"6":{"start":{"line":45,"column":22},"end":{"line":49,"column":6}},"7":{"start":{"line":51,"column":4},"end":{"line":51,"column":21}},"8":{"start":{"line":55,"column":22},"end":{"line":59,"column":6}},"9":{"start":{"line":61,"column":4},"end":{"line":61,"column":21}}},"fnMap":{"0":{"name":"list","decl":{"start":{"line":3,"column":22},"end":{"line":3,"column":26}},"loc":{"start":{"line":3,"column":26},"end":{"line":7,"column":1}}},"1":{"name":"listByTerm","decl":{"start":{"line":9,"column":22},"end":{"line":9,"column":32}},"loc":{"start":{"line":9,"column":62},"end":{"line":21,"column":1}}},"2":{"name":"listTeachersByDiscipline","decl":{"start":{"line":23,"column":22},"end":{"line":23,"column":46}},"loc":{"start":{"line":23,"column":68},"end":{"line":42,"column":1}}},"3":{"name":"findById","decl":{"start":{"line":44,"column":22},"end":{"line":44,"column":30}},"loc":{"start":{"line":44,"column":41},"end":{"line":52,"column":1}}},"4":{"name":"findByName","decl":{"start":{"line":54,"column":22},"end":{"line":54,"column":32}},"loc":{"start":{"line":54,"column":45},"end":{"line":62,"column":1}}}},"branchMap":{},"s":{"0":1,"1":1,"2":1,"3":1,"4":1,"5":1,"6":2,"7":2,"8":2,"9":2},"f":{"0":1,"1":1,"2":1,"3":2,"4":2},"b":{}}
,"/home/bernardo/Documentos/Driven Projects/projeto-17-repoprovas-api/src/repositories/teacherDisciplineRepository.ts": {"path":"/home/bernardo/Documentos/Driven Projects/projeto-17-repoprovas-api/src/repositories/teacherDisciplineRepository.ts","statementMap":{"0":{"start":{"line":4,"column":30},"end":{"line":13,"column":6}},"1":{"start":{"line":15,"column":4},"end":{"line":15,"column":29}}},"fnMap":{"0":{"name":"find","decl":{"start":{"line":3,"column":22},"end":{"line":3,"column":26}},"loc":{"start":{"line":3,"column":70},"end":{"line":16,"column":1}}}},"branchMap":{},"s":{"0":2,"1":2},"f":{"0":2},"b":{}}
,"/home/bernardo/Documentos/Driven Projects/projeto-17-repoprovas-api/src/repositories/teacherRepository.ts": {"path":"/home/bernardo/Documentos/Driven Projects/projeto-17-repoprovas-api/src/repositories/teacherRepository.ts","statementMap":{"0":{"start":{"line":4,"column":21},"end":{"line":11,"column":6}},"1":{"start":{"line":13,"column":4},"end":{"line":13,"column":20}},"2":{"start":{"line":17,"column":17},"end":{"line":21,"column":6}},"3":{"start":{"line":23,"column":4},"end":{"line":23,"column":16}}},"fnMap":{"0":{"name":"list","decl":{"start":{"line":3,"column":22},"end":{"line":3,"column":26}},"loc":{"start":{"line":3,"column":40},"end":{"line":14,"column":1}}},"1":{"name":"find","decl":{"start":{"line":16,"column":22},"end":{"line":16,"column":26}},"loc":{"start":{"line":16,"column":41},"end":{"line":24,"column":1}}}},"branchMap":{},"s":{"0":1,"1":1,"2":2,"3":2},"f":{"0":1,"1":2},"b":{}}
,"/home/bernardo/Documentos/Driven Projects/projeto-17-repoprovas-api/src/repositories/termRepository.ts": {"path":"/home/bernardo/Documentos/Driven Projects/projeto-17-repoprovas-api/src/repositories/termRepository.ts","statementMap":{"0":{"start":{"line":4,"column":18},"end":{"line":4,"column":46}},"1":{"start":{"line":6,"column":4},"end":{"line":6,"column":17}},"2":{"start":{"line":10,"column":17},"end":{"line":14,"column":6}},"3":{"start":{"line":16,"column":4},"end":{"line":16,"column":16}}},"fnMap":{"0":{"name":"list","decl":{"start":{"line":3,"column":22},"end":{"line":3,"column":26}},"loc":{"start":{"line":3,"column":26},"end":{"line":7,"column":1}}},"1":{"name":"find","decl":{"start":{"line":9,"column":22},"end":{"line":9,"column":26}},"loc":{"start":{"line":9,"column":37},"end":{"line":17,"column":1}}}},"branchMap":{},"s":{"0":1,"1":1,"2":2,"3":2},"f":{"0":1,"1":2},"b":{}}
,"/home/bernardo/Documentos/Driven Projects/projeto-17-repoprovas-api/src/repositories/testsRepository.ts": {"path":"/home/bernardo/Documentos/Driven Projects/projeto-17-repoprovas-api/src/repositories/testsRepository.ts","statementMap":{"0":{"start":{"line":4,"column":18},"end":{"line":30,"column":6}},"1":{"start":{"line":32,"column":4},"end":{"line":32,"column":17}},"2":{"start":{"line":36,"column":18},"end":{"line":62,"column":6}},"3":{"start":{"line":64,"column":4},"end":{"line":64,"column":17}},"4":{"start":{"line":68,"column":18},"end":{"line":77,"column":6}},"5":{"start":{"line":79,"column":4},"end":{"line":79,"column":17}},"6":{"start":{"line":83,"column":4},"end":{"line":83,"column":null}},"7":{"start":{"line":84,"column":18},"end":{"line":86,"column":6}},"8":{"start":{"line":88,"column":4},"end":{"line":88,"column":17}},"9":{"start":{"line":92,"column":17},"end":{"line":96,"column":6}},"10":{"start":{"line":98,"column":4},"end":{"line":98,"column":16}}},"fnMap":{"0":{"name":"listByDiscipline","decl":{"start":{"line":3,"column":22},"end":{"line":3,"column":38}},"loc":{"start":{"line":3,"column":59},"end":{"line":33,"column":1}}},"1":{"name":"listByTeacher","decl":{"start":{"line":35,"column":22},"end":{"line":35,"column":35}},"loc":{"start":{"line":35,"column":53},"end":{"line":65,"column":1}}},"2":{"name":"updateViews","decl":{"start":{"line":67,"column":22},"end":{"line":67,"column":33}},"loc":{"start":{"line":67,"column":48},"end":{"line":80,"column":1}}},"3":{"name":"create","decl":{"start":{"line":82,"column":22},"end":{"line":82,"column":28}},"loc":{"start":{"line":82,"column":38},"end":{"line":89,"column":1}}},"4":{"name":"find","decl":{"start":{"line":91,"column":22},"end":{"line":91,"column":26}},"loc":{"start":{"line":91,"column":38},"end":{"line":99,"column":1}}}},"branchMap":{},"s":{"0":1,"1":1,"2":1,"3":1,"4":1,"5":1,"6":1,"7":1,"8":1,"9":2,"10":2},"f":{"0":1,"1":1,"2":1,"3":1,"4":2},"b":{}}
,"/home/bernardo/Documentos/Driven Projects/projeto-17-repoprovas-api/src/repositories/userRepository.ts": {"path":"/home/bernardo/Documentos/Driven Projects/projeto-17-repoprovas-api/src/repositories/userRepository.ts","statementMap":{"0":{"start":{"line":7,"column":24},"end":{"line":9,"column":6}},"1":{"start":{"line":11,"column":4},"end":{"line":11,"column":null}},"2":{"start":{"line":15,"column":4},"end":{"line":20,"column":null}},"3":{"start":{"line":24,"column":17},"end":{"line":28,"column":6}},"4":{"start":{"line":30,"column":4},"end":{"line":30,"column":null}}},"fnMap":{"0":{"name":"create","decl":{"start":{"line":6,"column":22},"end":{"line":6,"column":28}},"loc":{"start":{"line":6,"column":38},"end":{"line":12,"column":1}}},"1":{"name":"update","decl":{"start":{"line":14,"column":22},"end":{"line":14,"column":28}},"loc":{"start":{"line":14,"column":38},"end":{"line":21,"column":1}}},"2":{"name":"findByEmail","decl":{"start":{"line":23,"column":22},"end":{"line":23,"column":33}},"loc":{"start":{"line":23,"column":48},"end":{"line":31,"column":1}}}},"branchMap":{},"s":{"0":1,"1":1,"2":0,"3":5,"4":5},"f":{"0":1,"1":0,"2":5},"b":{}}
,"/home/bernardo/Documentos/Driven Projects/projeto-17-repoprovas-api/src/routers/categoriesRouter.ts": {"path":"/home/bernardo/Documentos/Driven Projects/projeto-17-repoprovas-api/src/routers/categoriesRouter.ts","statementMap":{"0":{"start":{"line":5,"column":25},"end":{"line":5,"column":33}},"1":{"start":{"line":7,"column":0},"end":{"line":7,"column":null}}},"fnMap":{},"branchMap":{},"s":{"0":1,"1":1},"f":{},"b":{}}
,"/home/bernardo/Documentos/Driven Projects/projeto-17-repoprovas-api/src/routers/disciplinesRouter.ts": {"path":"/home/bernardo/Documentos/Driven Projects/projeto-17-repoprovas-api/src/routers/disciplinesRouter.ts","statementMap":{"0":{"start":{"line":5,"column":25},"end":{"line":5,"column":33}},"1":{"start":{"line":7,"column":0},"end":{"line":7,"column":null}},"2":{"start":{"line":8,"column":0},"end":{"line":8,"column":null}}},"fnMap":{},"branchMap":{},"s":{"0":1,"1":1,"2":1},"f":{},"b":{}}
,"/home/bernardo/Documentos/Driven Projects/projeto-17-repoprovas-api/src/routers/index.ts": {"path":"/home/bernardo/Documentos/Driven Projects/projeto-17-repoprovas-api/src/routers/index.ts","statementMap":{"0":{"start":{"line":10,"column":15},"end":{"line":10,"column":23}},"1":{"start":{"line":12,"column":0},"end":{"line":12,"column":23}},"2":{"start":{"line":13,"column":0},"end":{"line":13,"column":24}},"3":{"start":{"line":14,"column":0},"end":{"line":14,"column":29}},"4":{"start":{"line":15,"column":0},"end":{"line":15,"column":27}},"5":{"start":{"line":16,"column":0},"end":{"line":16,"column":24}},"6":{"start":{"line":17,"column":0},"end":{"line":17,"column":29}},"7":{"start":{"line":18,"column":0},"end":{"line":18,"column":24}}},"fnMap":{},"branchMap":{},"s":{"0":1,"1":1,"2":1,"3":1,"4":1,"5":1,"6":1,"7":1},"f":{},"b":{}}
,"/home/bernardo/Documentos/Driven Projects/projeto-17-repoprovas-api/src/routers/oauthRouter.ts": {"path":"/home/bernardo/Documentos/Driven Projects/projeto-17-repoprovas-api/src/routers/oauthRouter.ts","statementMap":{"0":{"start":{"line":4,"column":20},"end":{"line":4,"column":28}},"1":{"start":{"line":6,"column":0},"end":{"line":6,"column":null}}},"fnMap":{},"branchMap":{},"s":{"0":1,"1":1},"f":{},"b":{}}
,"/home/bernardo/Documentos/Driven Projects/projeto-17-repoprovas-api/src/routers/teachersRouter.ts": {"path":"/home/bernardo/Documentos/Driven Projects/projeto-17-repoprovas-api/src/routers/teachersRouter.ts","statementMap":{"0":{"start":{"line":5,"column":23},"end":{"line":5,"column":31}},"1":{"start":{"line":7,"column":0},"end":{"line":7,"column":null}},"2":{"start":{"line":8,"column":0},"end":{"line":8,"column":null}}},"fnMap":{},"branchMap":{},"s":{"0":1,"1":1,"2":1},"f":{},"b":{}}
,"/home/bernardo/Documentos/Driven Projects/projeto-17-repoprovas-api/src/routers/termsRouter.ts": {"path":"/home/bernardo/Documentos/Driven Projects/projeto-17-repoprovas-api/src/routers/termsRouter.ts","statementMap":{"0":{"start":{"line":5,"column":20},"end":{"line":5,"column":28}},"1":{"start":{"line":7,"column":0},"end":{"line":7,"column":null}}},"fnMap":{},"branchMap":{},"s":{"0":1,"1":1},"f":{},"b":{}}
,"/home/bernardo/Documentos/Driven Projects/projeto-17-repoprovas-api/src/routers/testsRouter.ts": {"path":"/home/bernardo/Documentos/Driven Projects/projeto-17-repoprovas-api/src/routers/testsRouter.ts","statementMap":{"0":{"start":{"line":8,"column":16},"end":{"line":8,"column":38}},"1":{"start":{"line":9,"column":15},"end":{"line":9,"column":34}},"2":{"start":{"line":11,"column":20},"end":{"line":11,"column":28}},"3":{"start":{"line":13,"column":0},"end":{"line":13,"column":null}},"4":{"start":{"line":14,"column":0},"end":{"line":14,"column":null}},"5":{"start":{"line":15,"column":0},"end":{"line":15,"column":null}},"6":{"start":{"line":16,"column":0},"end":{"line":16,"column":null}}},"fnMap":{},"branchMap":{},"s":{"0":1,"1":1,"2":1,"3":1,"4":1,"5":1,"6":1},"f":{},"b":{}}
,"/home/bernardo/Documentos/Driven Projects/projeto-17-repoprovas-api/src/routers/userRouter.ts": {"path":"/home/bernardo/Documentos/Driven Projects/projeto-17-repoprovas-api/src/routers/userRouter.ts","statementMap":{"0":{"start":{"line":6,"column":19},"end":{"line":6,"column":27}},"1":{"start":{"line":8,"column":0},"end":{"line":8,"column":null}},"2":{"start":{"line":9,"column":0},"end":{"line":9,"column":null}}},"fnMap":{},"branchMap":{},"s":{"0":1,"1":1,"2":1},"f":{},"b":{}}
,"/home/bernardo/Documentos/Driven Projects/projeto-17-repoprovas-api/src/schemas/userSchema.ts": {"path":"/home/bernardo/Documentos/Driven Projects/projeto-17-repoprovas-api/src/schemas/userSchema.ts","statementMap":{"0":{"start":{"line":4,"column":19},"end":{"line":7,"column":2}}},"fnMap":{},"branchMap":{},"s":{"0":1},"f":{},"b":{}}
,"/home/bernardo/Documentos/Driven Projects/projeto-17-repoprovas-api/src/services/categoriesService.ts": {"path":"/home/bernardo/Documentos/Driven Projects/projeto-17-repoprovas-api/src/services/categoriesService.ts","statementMap":{"0":{"start":{"line":5,"column":27},"end":{"line":5,"column":60}},"1":{"start":{"line":7,"column":8},"end":{"line":7,"column":null}}},"fnMap":{"0":{"name":"(anonymous_0)","decl":{"start":{"line":4,"column":4},"end":{"line":4,"column":9}},"loc":{"start":{"line":4,"column":16},"end":{"line":8,"column":5}}}},"branchMap":{},"s":{"0":1,"1":1},"f":{"0":1},"b":{}}
,"/home/bernardo/Documentos/Driven Projects/projeto-17-repoprovas-api/src/services/disciplineService.ts": {"path":"/home/bernardo/Documentos/Driven Projects/projeto-17-repoprovas-api/src/services/disciplineService.ts","statementMap":{"0":{"start":{"line":7,"column":28},"end":{"line":7,"column":62}},"1":{"start":{"line":9,"column":8},"end":{"line":9,"column":null}},"2":{"start":{"line":13,"column":8},"end":{"line":13,"column":null}},"3":{"start":{"line":14,"column":28},"end":{"line":14,"column":82}},"4":{"start":{"line":16,"column":8},"end":{"line":16,"column":null}},"5":{"start":{"line":19,"column":4},"end":{"line":22,"column":null}},"6":{"start":{"line":20,"column":21},"end":{"line":20,"column":54}},"7":{"start":{"line":21,"column":8},"end":{"line":21,"column":null}},"8":{"start":{"line":21,"column":18},"end":{"line":21,"column":null}}},"fnMap":{"0":{"name":"(anonymous_1)","decl":{"start":{"line":5,"column":0},"end":{"line":5,"column":6}},"loc":{"start":{"line":5,"column":0},"end":{"line":23,"column":1}}},"1":{"name":"(anonymous_2)","decl":{"start":{"line":6,"column":4},"end":{"line":6,"column":9}},"loc":{"start":{"line":6,"column":16},"end":{"line":10,"column":5}}},"2":{"name":"(anonymous_3)","decl":{"start":{"line":12,"column":4},"end":{"line":12,"column":9}},"loc":{"start":{"line":12,"column":50},"end":{"line":17,"column":5}}},"3":{"name":"_disciplineService_validateTerm","decl":{"start":{"line":19,"column":9},"end":{"line":19,"column":24}},"loc":{"start":{"line":19,"column":38},"end":{"line":22,"column":5}}}},"branchMap":{"0":{"loc":{"start":{"line":21,"column":8},"end":{"line":21,"column":null}},"type":"if","locations":[{"start":{"line":21,"column":8},"end":{"line":21,"column":null}}]}},"s":{"0":1,"1":1,"2":2,"3":1,"4":1,"5":1,"6":2,"7":2,"8":1},"f":{"0":1,"1":1,"2":2,"3":2},"b":{"0":[1]}}
,"/home/bernardo/Documentos/Driven Projects/projeto-17-repoprovas-api/src/services/oauthService.ts": {"path":"/home/bernardo/Documentos/Driven Projects/projeto-17-repoprovas-api/src/services/oauthService.ts","statementMap":{"0":{"start":{"line":8,"column":22},"end":{"line":8,"column":52}},"1":{"start":{"line":9,"column":23},"end":{"line":9,"column":51}},"2":{"start":{"line":10,"column":22},"end":{"line":10,"column":50}},"3":{"start":{"line":12,"column":8},"end":{"line":12,"column":25}},"4":{"start":{"line":14,"column":4},"end":{"line":38,"column":null}},"5":{"start":{"line":15,"column":28},"end":{"line":15,"column":54}},"6":{"start":{"line":16,"column":27},"end":{"line":16,"column":125}},"7":{"start":{"line":17,"column":26},"end":{"line":17,"column":39}},"8":{"start":{"line":18,"column":8},"end":{"line":18,"column":null}},"9":{"start":{"line":22,"column":27},"end":{"line":22,"column":213}},"10":{"start":{"line":23,"column":28},"end":{"line":23,"column":48}},"11":{"start":{"line":24,"column":8},"end":{"line":24,"column":null}},"12":{"start":{"line":28,"column":19},"end":{"line":28,"column":58}},"13":{"start":{"line":29,"column":8},"end":{"line":29,"column":null}},"14":{"start":{"line":29,"column":18},"end":{"line":29,"column":null}},"15":{"start":{"line":30,"column":8},"end":{"line":30,"column":null}},"16":{"start":{"line":34,"column":33},"end":{"line":34,"column":53}},"17":{"start":{"line":35,"column":24},"end":{"line":35,"column":34}},"18":{"start":{"line":36,"column":22},"end":{"line":36,"column":75}},"19":{"start":{"line":37,"column":8},"end":{"line":37,"column":null}}},"fnMap":{"0":{"name":"(anonymous_1)","decl":{"start":{"line":6,"column":0},"end":{"line":6,"column":6}},"loc":{"start":{"line":6,"column":0},"end":{"line":39,"column":1}}},"1":{"name":"(anonymous_2)","decl":{"start":{"line":7,"column":4},"end":{"line":7,"column":9}},"loc":{"start":{"line":7,"column":28},"end":{"line":13,"column":5}}},"2":{"name":"_oauthService_getUserEmail","decl":{"start":{"line":14,"column":9},"end":{"line":14,"column":24}},"loc":{"start":{"line":14,"column":36},"end":{"line":19,"column":5}}},"3":{"name":"_oauthService_getToken","decl":{"start":{"line":21,"column":9},"end":{"line":21,"column":20}},"loc":{"start":{"line":21,"column":32},"end":{"line":25,"column":5}}},"4":{"name":"_oauthService_checkUser","decl":{"start":{"line":27,"column":9},"end":{"line":27,"column":21}},"loc":{"start":{"line":27,"column":34},"end":{"line":31,"column":5}}},"5":{"name":"_oauthService_createJWTToken","decl":{"start":{"line":31,"column":5},"end":{"line":31,"column":null}},"loc":{"start":{"line":33,"column":34},"end":{"line":38,"column":5}}}},"branchMap":{"0":{"loc":{"start":{"line":29,"column":8},"end":{"line":29,"column":null}},"type":"if","locations":[{"start":{"line":29,"column":8},"end":{"line":29,"column":null}}]}},"s":{"0":0,"1":0,"2":0,"3":0,"4":1,"5":0,"6":0,"7":0,"8":0,"9":0,"10":0,"11":0,"12":0,"13":0,"14":0,"15":0,"16":0,"17":0,"18":0,"19":0},"f":{"0":1,"1":0,"2":0,"3":0,"4":0,"5":0},"b":{"0":[0]}}
,"/home/bernardo/Documentos/Driven Projects/projeto-17-repoprovas-api/src/services/teacherService.ts": {"path":"/home/bernardo/Documentos/Driven Projects/projeto-17-repoprovas-api/src/services/teacherService.ts","statementMap":{"0":{"start":{"line":7,"column":25},"end":{"line":7,"column":61}},"1":{"start":{"line":9,"column":8},"end":{"line":9,"column":null}},"2":{"start":{"line":13,"column":8},"end":{"line":13,"column":null}},"3":{"start":{"line":14,"column":25},"end":{"line":14,"column":93}},"4":{"start":{"line":16,"column":8},"end":{"line":16,"column":null}},"5":{"start":{"line":19,"column":4},"end":{"line":22,"column":null}},"6":{"start":{"line":20,"column":27},"end":{"line":20,"column":81}},"7":{"start":{"line":21,"column":8},"end":{"line":21,"column":null}},"8":{"start":{"line":21,"column":24},"end":{"line":21,"column":null}}},"fnMap":{"0":{"name":"(anonymous_1)","decl":{"start":{"line":5,"column":0},"end":{"line":5,"column":6}},"loc":{"start":{"line":5,"column":0},"end":{"line":23,"column":1}}},"1":{"name":"(anonymous_2)","decl":{"start":{"line":6,"column":4},"end":{"line":6,"column":9}},"loc":{"start":{"line":6,"column":31},"end":{"line":10,"column":5}}},"2":{"name":"(anonymous_3)","decl":{"start":{"line":12,"column":4},"end":{"line":12,"column":9}},"loc":{"start":{"line":12,"column":48},"end":{"line":17,"column":5}}},"3":{"name":"_teacherService_validateDiscipline","decl":{"start":{"line":19,"column":9},"end":{"line":19,"column":30}},"loc":{"start":{"line":19,"column":52},"end":{"line":22,"column":5}}}},"branchMap":{"0":{"loc":{"start":{"line":21,"column":8},"end":{"line":21,"column":null}},"type":"if","locations":[{"start":{"line":21,"column":8},"end":{"line":21,"column":null}}]}},"s":{"0":1,"1":1,"2":2,"3":1,"4":1,"5":1,"6":2,"7":2,"8":1},"f":{"0":1,"1":1,"2":2,"3":2},"b":{"0":[1]}}
,"/home/bernardo/Documentos/Driven Projects/projeto-17-repoprovas-api/src/services/termsService.ts": {"path":"/home/bernardo/Documentos/Driven Projects/projeto-17-repoprovas-api/src/services/termsService.ts","statementMap":{"0":{"start":{"line":5,"column":22},"end":{"line":5,"column":50}},"1":{"start":{"line":7,"column":8},"end":{"line":7,"column":null}}},"fnMap":{"0":{"name":"(anonymous_0)","decl":{"start":{"line":4,"column":4},"end":{"line":4,"column":9}},"loc":{"start":{"line":4,"column":16},"end":{"line":8,"column":5}}}},"branchMap":{},"s":{"0":1,"1":1},"f":{"0":1},"b":{}}
,"/home/bernardo/Documentos/Driven Projects/projeto-17-repoprovas-api/src/services/testsService.ts": {"path":"/home/bernardo/Documentos/Driven Projects/projeto-17-repoprovas-api/src/services/testsService.ts","statementMap":{"0":{"start":{"line":11,"column":8},"end":{"line":11,"column":null}},"1":{"start":{"line":13,"column":22},"end":{"line":13,"column":74}},"2":{"start":{"line":15,"column":8},"end":{"line":15,"column":null}},"3":{"start":{"line":19,"column":8},"end":{"line":19,"column":null}},"4":{"start":{"line":21,"column":22},"end":{"line":21,"column":68}},"5":{"start":{"line":23,"column":8},"end":{"line":23,"column":null}},"6":{"start":{"line":27,"column":8},"end":{"line":27,"column":null}},"7":{"start":{"line":29,"column":8},"end":{"line":29,"column":null}},"8":{"start":{"line":33,"column":27},"end":{"line":33,"column":70}},"9":{"start":{"line":34,"column":36},"end":{"line":34,"column":104}},"10":{"start":{"line":35,"column":23},"end":{"line":35,"column":54}},"11":{"start":{"line":37,"column":8},"end":{"line":37,"column":null}},"12":{"start":{"line":38,"column":8},"end":{"line":38,"column":null}},"13":{"start":{"line":39,"column":8},"end":{"line":39,"column":null}},"14":{"start":{"line":40,"column":8},"end":{"line":40,"column":null}},"15":{"start":{"line":42,"column":8},"end":{"line":42,"column":null}},"16":{"start":{"line":45,"column":4},"end":{"line":88,"column":null}},"17":{"start":{"line":46,"column":25},"end":{"line":46,"column":68}},"18":{"start":{"line":48,"column":8},"end":{"line":60,"column":null}},"19":{"start":{"line":49,"column":36},"end":{"line":53,"column":14}},"20":{"start":{"line":55,"column":34},"end":{"line":55,"column":97}},"21":{"start":{"line":57,"column":12},"end":{"line":57,"column":29}},"22":{"start":{"line":59,"column":12},"end":{"line":59,"column":40}},"23":{"start":{"line":64,"column":27},"end":{"line":64,"column":77}},"24":{"start":{"line":65,"column":8},"end":{"line":65,"column":null}},"25":{"start":{"line":65,"column":24},"end":{"line":65,"column":null}},"26":{"start":{"line":69,"column":24},"end":{"line":69,"column":63}},"27":{"start":{"line":70,"column":8},"end":{"line":70,"column":null}},"28":{"start":{"line":70,"column":21},"end":{"line":70,"column":null}},"29":{"start":{"line":74,"column":21},"end":{"line":74,"column":55}},"30":{"start":{"line":75,"column":8},"end":{"line":75,"column":null}},"31":{"start":{"line":75,"column":18},"end":{"line":75,"column":null}},"32":{"start":{"line":79,"column":25},"end":{"line":79,"column":70}},"33":{"start":{"line":80,"column":8},"end":{"line":80,"column":null}},"34":{"start":{"line":80,"column":22},"end":{"line":80,"column":null}},"35":{"start":{"line":81,"column":8},"end":{"line":81,"column":null}},"36":{"start":{"line":85,"column":34},"end":{"line":85,"column":101}},"37":{"start":{"line":86,"column":8},"end":{"line":86,"column":null}},"38":{"start":{"line":86,"column":31},"end":{"line":86,"column":null}},"39":{"start":{"line":87,"column":8},"end":{"line":87,"column":null}}},"fnMap":{"0":{"name":"(anonymous_1)","decl":{"start":{"line":9,"column":0},"end":{"line":9,"column":6}},"loc":{"start":{"line":9,"column":0},"end":{"line":89,"column":1}}},"1":{"name":"(anonymous_2)","decl":{"start":{"line":10,"column":4},"end":{"line":10,"column":9}},"loc":{"start":{"line":10,"column":47},"end":{"line":16,"column":5}}},"2":{"name":"(anonymous_3)","decl":{"start":{"line":18,"column":4},"end":{"line":18,"column":9}},"loc":{"start":{"line":18,"column":41},"end":{"line":24,"column":5}}},"3":{"name":"(anonymous_4)","decl":{"start":{"line":26,"column":4},"end":{"line":26,"column":9}},"loc":{"start":{"line":26,"column":36},"end":{"line":30,"column":5}}},"4":{"name":"(anonymous_5)","decl":{"start":{"line":32,"column":4},"end":{"line":32,"column":9}},"loc":{"start":{"line":32,"column":26},"end":{"line":43,"column":5}}},"5":{"name":"_testService_uploadPdf","decl":{"start":{"line":45,"column":9},"end":{"line":45,"column":21}},"loc":{"start":{"line":45,"column":30},"end":{"line":61,"column":5}}},"6":{"name":"_testService_validateDiscipline","decl":{"start":{"line":63,"column":9},"end":{"line":63,"column":30}},"loc":{"start":{"line":63,"column":50},"end":{"line":66,"column":5}}},"7":{"name":"_testService_validateTeacher","decl":{"start":{"line":68,"column":9},"end":{"line":68,"column":27}},"loc":{"start":{"line":68,"column":44},"end":{"line":71,"column":5}}},"8":{"name":"_testService_validateTest","decl":{"start":{"line":73,"column":9},"end":{"line":73,"column":24}},"loc":{"start":{"line":73,"column":38},"end":{"line":76,"column":5}}},"9":{"name":"_testService_validateCategory","decl":{"start":{"line":78,"column":9},"end":{"line":78,"column":28}},"loc":{"start":{"line":78,"column":48},"end":{"line":82,"column":5}}},"10":{"name":"_testService_validateTeacherDiscipline","decl":{"start":{"line":84,"column":9},"end":{"line":84,"column":37}},"loc":{"start":{"line":84,"column":80},"end":{"line":88,"column":5}}}},"branchMap":{"0":{"loc":{"start":{"line":65,"column":8},"end":{"line":65,"column":null}},"type":"if","locations":[{"start":{"line":65,"column":8},"end":{"line":65,"column":null}}]},"1":{"loc":{"start":{"line":70,"column":8},"end":{"line":70,"column":null}},"type":"if","locations":[{"start":{"line":70,"column":8},"end":{"line":70,"column":null}}]},"2":{"loc":{"start":{"line":75,"column":8},"end":{"line":75,"column":null}},"type":"if","locations":[{"start":{"line":75,"column":8},"end":{"line":75,"column":null}}]},"3":{"loc":{"start":{"line":80,"column":8},"end":{"line":80,"column":null}},"type":"if","locations":[{"start":{"line":80,"column":8},"end":{"line":80,"column":null}}]},"4":{"loc":{"start":{"line":86,"column":8},"end":{"line":86,"column":null}},"type":"if","locations":[{"start":{"line":86,"column":8},"end":{"line":86,"column":null}}]}},"s":{"0":2,"1":1,"2":1,"3":2,"4":1,"5":1,"6":2,"7":1,"8":3,"9":2,"10":1,"11":1,"12":1,"13":1,"14":1,"15":1,"16":1,"17":1,"18":1,"19":1,"20":1,"21":1,"22":0,"23":2,"24":2,"25":1,"26":2,"27":2,"28":1,"29":2,"30":2,"31":1,"32":3,"33":3,"34":1,"35":2,"36":2,"37":2,"38":1,"39":1},"f":{"0":1,"1":2,"2":2,"3":2,"4":3,"5":1,"6":2,"7":2,"8":2,"9":3,"10":2},"b":{"0":[1],"1":[1],"2":[1],"3":[1],"4":[1]}}
,"/home/bernardo/Documentos/Driven Projects/projeto-17-repoprovas-api/src/services/userService.ts": {"path":"/home/bernardo/Documentos/Driven Projects/projeto-17-repoprovas-api/src/services/userService.ts","statementMap":{"0":{"start":{"line":8,"column":15},"end":{"line":8,"column":46}},"1":{"start":{"line":12,"column":21},"end":{"line":12,"column":60}},"2":{"start":{"line":13,"column":34},"end":{"line":13,"column":58}},"3":{"start":{"line":15,"column":8},"end":{"line":16,"column":null}},"4":{"start":{"line":15,"column":17},"end":{"line":15,"column":null}},"5":{"start":{"line":16,"column":13},"end":{"line":16,"column":null}},"6":{"start":{"line":20,"column":23},"end":{"line":20,"column":69}},"7":{"start":{"line":22,"column":22},"end":{"line":22,"column":50}},"8":{"start":{"line":24,"column":8},"end":{"line":24,"column":25}},"9":{"start":{"line":27,"column":4},"end":{"line":45,"column":null}},"10":{"start":{"line":28,"column":8},"end":{"line":29,"column":55}},"11":{"start":{"line":28,"column":27},"end":{"line":28,"column":null}},"12":{"start":{"line":29,"column":13},"end":{"line":29,"column":55}},"13":{"start":{"line":33,"column":21},"end":{"line":33,"column":60}},"14":{"start":{"line":35,"column":8},"end":{"line":35,"column":124}},"15":{"start":{"line":35,"column":82},"end":{"line":35,"column":124}},"16":{"start":{"line":37,"column":8},"end":{"line":37,"column":null}},"17":{"start":{"line":41,"column":33},"end":{"line":41,"column":53}},"18":{"start":{"line":42,"column":24},"end":{"line":42,"column":34}},"19":{"start":{"line":43,"column":22},"end":{"line":43,"column":75}},"20":{"start":{"line":44,"column":8},"end":{"line":44,"column":null}}},"fnMap":{"0":{"name":"(anonymous_1)","decl":{"start":{"line":10,"column":0},"end":{"line":10,"column":6}},"loc":{"start":{"line":10,"column":0},"end":{"line":46,"column":1}}},"1":{"name":"(anonymous_2)","decl":{"start":{"line":11,"column":4},"end":{"line":11,"column":9}},"loc":{"start":{"line":11,"column":52},"end":{"line":17,"column":5}}},"2":{"name":"(anonymous_3)","decl":{"start":{"line":19,"column":4},"end":{"line":19,"column":9}},"loc":{"start":{"line":19,"column":49},"end":{"line":25,"column":5}}},"3":{"name":"_userService_checkUserPasswordUpdate","decl":{"start":{"line":27,"column":9},"end":{"line":27,"column":35}},"loc":{"start":{"line":27,"column":61},"end":{"line":30,"column":5}}},"4":{"name":"_userService_validateUserLogin","decl":{"start":{"line":32,"column":9},"end":{"line":32,"column":29}},"loc":{"start":{"line":32,"column":59},"end":{"line":38,"column":5}}},"5":{"name":"_userService_createJWTToken","decl":{"start":{"line":38,"column":5},"end":{"line":38,"column":null}},"loc":{"start":{"line":40,"column":34},"end":{"line":45,"column":5}}}},"branchMap":{"0":{"loc":{"start":{"line":15,"column":8},"end":{"line":16,"column":null}},"type":"if","locations":[{"start":{"line":15,"column":8},"end":{"line":16,"column":null}},{"start":{"line":16,"column":13},"end":{"line":16,"column":null}}]},"1":{"loc":{"start":{"line":28,"column":8},"end":{"line":29,"column":55}},"type":"if","locations":[{"start":{"line":28,"column":8},"end":{"line":29,"column":55}},{"start":{"line":29,"column":13},"end":{"line":29,"column":55}}]},"2":{"loc":{"start":{"line":35,"column":8},"end":{"line":35,"column":124}},"type":"if","locations":[{"start":{"line":35,"column":8},"end":{"line":35,"column":124}}]},"3":{"loc":{"start":{"line":35,"column":11},"end":{"line":35,"column":80}},"type":"binary-expr","locations":[{"start":{"line":35,"column":11},"end":{"line":35,"column":16}},{"start":{"line":35,"column":20},"end":{"line":35,"column":34}},{"start":{"line":35,"column":38},"end":{"line":35,"column":80}}]}},"s":{"0":1,"1":2,"2":2,"3":2,"4":1,"5":1,"6":3,"7":1,"8":1,"9":1,"10":1,"11":0,"12":1,"13":3,"14":3,"15":2,"16":1,"17":1,"18":1,"19":1,"20":1},"f":{"0":1,"1":2,"2":3,"3":1,"4":3,"5":1},"b":{"0":[1,1],"1":[0,1],"2":[2],"3":[3,2,2]}}
,"/home/bernardo/Documentos/Driven Projects/projeto-17-repoprovas-api/tests/factories/testFactory.ts": {"path":"/home/bernardo/Documentos/Driven Projects/projeto-17-repoprovas-api/tests/factories/testFactory.ts","statementMap":{"0":{"start":{"line":15,"column":4},"end":{"line":21,"column":null}}},"fnMap":{"0":{"name":"createTest","decl":{"start":{"line":14,"column":16},"end":{"line":14,"column":26}},"loc":{"start":{"line":14,"column":54},"end":{"line":22,"column":1}}}},"branchMap":{},"s":{"0":3},"f":{"0":3},"b":{}}
,"/home/bernardo/Documentos/Driven Projects/projeto-17-repoprovas-api/tests/factories/userFactory.ts": {"path":"/home/bernardo/Documentos/Driven Projects/projeto-17-repoprovas-api/tests/factories/userFactory.ts","statementMap":{"0":{"start":{"line":7,"column":15},"end":{"line":7,"column":46}},"1":{"start":{"line":10,"column":2},"end":{"line":15,"column":4}},"2":{"start":{"line":19,"column":2},"end":{"line":22,"column":null}}},"fnMap":{"0":{"name":"insertUser","decl":{"start":{"line":9,"column":22},"end":{"line":9,"column":32}},"loc":{"start":{"line":9,"column":54},"end":{"line":16,"column":1}}},"1":{"name":"createUser","decl":{"start":{"line":18,"column":16},"end":{"line":18,"column":26}},"loc":{"start":{"line":18,"column":26},"end":{"line":23,"column":1}}}},"branchMap":{},"s":{"0":1,"1":3,"2":5},"f":{"0":3,"1":5},"b":{}}
}
