TN:
SF:prisma/seed.ts
FN:5,seed
FNF:1
FNH:1
FNDA:54,seed
DA:6,54
DA:15,54
DA:24,54
DA:34,54
DA:44,54
DA:53,54
DA:66,54
LF:7
LH:7
BRF:0
BRH:0
end_of_record
TN:
SF:src/app.ts
FNF:0
FNH:0
DA:7,1
DA:8,1
DA:9,1
DA:10,1
DA:11,1
DA:12,1
LF:6
LH:6
BRF:0
BRH:0
end_of_record
TN:
SF:src/config.ts
FNF:0
FNH:0
LF:0
LH:0
BRDA:4,0,0,1
BRDA:4,0,1,1
BRF:2
BRH:2
end_of_record
TN:
SF:src/database.ts
FNF:0
FNH:0
DA:3,1
DA:5,1
LF:2
LH:2
BRF:0
BRH:0
end_of_record
TN:
SF:src/supabase.ts
FNF:0
FNH:0
DA:4,1
DA:5,1
LF:2
LH:2
BRF:0
BRH:0
end_of_record
TN:
SF:src/controllers/categoriesController.ts
FN:6,getAll
FNF:1
FNH:1
FNDA:1,getAll
DA:4,1
DA:7,1
DA:9,1
LF:3
LH:3
BRF:0
BRH:0
end_of_record
TN:
SF:src/controllers/disciplineController.ts
FN:6,getAll
FN:12,getByTerm
FNF:2
FNH:2
FNDA:1,getAll
FNDA:2,getByTerm
DA:4,1
DA:7,1
DA:9,1
DA:13,2
DA:14,2
DA:16,2
DA:18,1
LF:7
LH:7
BRF:0
BRH:0
end_of_record
TN:
SF:src/controllers/oauthController.ts
FN:6,login
FNF:1
FNH:0
FNDA:0,login
DA:4,1
DA:7,0
DA:9,0
DA:11,0
LF:4
LH:1
BRF:0
BRH:0
end_of_record
TN:
SF:src/controllers/teacherController.ts
FN:6,getAll
FN:14,getByDiscipline
FNF:2
FNH:2
FNDA:1,getAll
FNDA:2,getByDiscipline
DA:4,1
DA:7,1
DA:9,1
DA:11,1
DA:15,2
DA:17,2
DA:19,1
LF:7
LH:7
BRF:0
BRH:0
end_of_record
TN:
SF:src/controllers/termController.ts
FN:6,getAll
FNF:1
FNH:1
FNDA:1,getAll
DA:4,1
DA:7,1
DA:9,1
LF:3
LH:3
BRF:0
BRH:0
end_of_record
TN:
SF:src/controllers/testsController.ts
FN:6,getByDiscipline
FN:14,getByTeacher
FN:22,updateViews
FN:30,create
FNF:4
FNH:4
FNDA:2,getByDiscipline
FNDA:2,getByTeacher
FNDA:2,updateViews
FNDA:3,create
DA:4,1
DA:7,2
DA:9,2
DA:11,1
DA:15,2
DA:17,2
DA:19,1
DA:23,2
DA:25,2
DA:27,1
DA:31,3
DA:32,3
DA:34,3
DA:36,1
LF:14
LH:14
BRF:0
BRH:0
end_of_record
TN:
SF:src/controllers/userController.ts
FN:7,register
FN:15,login
FNF:2
FNH:2
FNDA:2,register
FNDA:3,login
DA:5,1
DA:8,2
DA:10,2
DA:12,1
DA:16,3
DA:18,3
DA:20,1
LF:7
LH:7
BRF:0
BRH:0
end_of_record
TN:
SF:src/errors/HttpError.ts
FN:5,(anonymous_0)
FNF:1
FNH:1
FNDA:42,(anonymous_0)
DA:6,42
DA:7,42
DA:8,42
DA:10,42
LF:4
LH:4
BRF:0
BRH:0
end_of_record
TN:
SF:src/errors/index.ts
FN:3,(anonymous_0)
FN:4,(anonymous_1)
FN:5,(anonymous_2)
FN:6,(anonymous_3)
FN:7,(anonymous_4)
FNF:5
FNH:5
FNDA:1,(anonymous_0)
FNDA:32,(anonymous_1)
FNDA:6,(anonymous_2)
FNDA:1,(anonymous_3)
FNDA:2,(anonymous_4)
DA:3,1
DA:4,32
DA:5,6
DA:6,1
DA:7,2
LF:5
LH:5
BRF:0
BRH:0
end_of_record
TN:
SF:src/middlewares/errorHandlingMiddleware.ts
FN:4,errorHandlingMiddleware
FNF:1
FNH:1
FNDA:42,errorHandlingMiddleware
DA:5,42
DA:7,0
LF:2
LH:1
BRDA:5,0,0,42
BRF:1
BRH:1
end_of_record
TN:
SF:src/middlewares/validateSchemaMiddleware.ts
FN:6,sanitizeString
FN:10,validateSchemaMiddleware
FN:11,(anonymous_2)
FN:14,(anonymous_3)
FNF:4
FNH:4
FNDA:10,sanitizeString
FNDA:2,validateSchemaMiddleware
FNDA:7,(anonymous_2)
FNDA:10,(anonymous_3)
DA:7,10
DA:11,2
DA:12,7
DA:14,7
DA:15,10
DA:18,7
DA:19,7
DA:21,5
LF:8
LH:8
BRDA:15,0,0,10
BRDA:19,1,0,2
BRF:2
BRH:2
end_of_record
TN:
SF:src/middlewares/validateTokenMiddleware.ts
FN:6,validateTokenMiddleware
FNF:1
FNH:1
FNDA:47,validateTokenMiddleware
DA:7,47
DA:8,47
DA:9,47
DA:11,37
DA:12,37
DA:13,37
DA:14,17
DA:16,20
DA:19,17
LF:9
LH:9
BRDA:8,0,0,10
BRDA:8,0,1,37
BRDA:8,1,0,47
BRDA:8,1,1,47
BRDA:9,2,0,10
BRF:5
BRH:5
end_of_record
TN:
SF:src/repositories/categoriesRepository.ts
FN:3,list
FN:9,find
FNF:2
FNH:2
FNDA:1,list
FNDA:3,find
DA:4,1
DA:6,1
DA:10,3
DA:16,3
LF:4
LH:4
BRF:0
BRH:0
end_of_record
TN:
SF:src/repositories/disciplinesRepository.ts
FN:3,list
FN:9,listByTerm
FN:23,listTeachersByDiscipline
FN:44,findById
FN:54,findByName
FNF:5
FNH:5
FNDA:1,list
FNDA:1,listByTerm
FNDA:1,listTeachersByDiscipline
FNDA:2,findById
FNDA:2,findByName
DA:4,1
DA:6,1
DA:10,1
DA:20,1
DA:24,1
DA:41,1
DA:45,2
DA:51,2
DA:55,2
DA:61,2
LF:10
LH:10
BRF:0
BRH:0
end_of_record
TN:
SF:src/repositories/teacherDisciplineRepository.ts
FN:3,find
FNF:1
FNH:1
FNDA:2,find
DA:4,2
DA:15,2
LF:2
LH:2
BRF:0
BRH:0
end_of_record
TN:
SF:src/repositories/teacherRepository.ts
FN:3,list
FN:16,find
FNF:2
FNH:2
FNDA:1,list
FNDA:2,find
DA:4,1
DA:13,1
DA:17,2
DA:23,2
LF:4
LH:4
BRF:0
BRH:0
end_of_record
TN:
SF:src/repositories/termRepository.ts
FN:3,list
FN:9,find
FNF:2
FNH:2
FNDA:1,list
FNDA:2,find
DA:4,1
DA:6,1
DA:10,2
DA:16,2
LF:4
LH:4
BRF:0
BRH:0
end_of_record
TN:
SF:src/repositories/testsRepository.ts
FN:3,listByDiscipline
FN:35,listByTeacher
FN:67,updateViews
FN:82,create
FN:91,find
FNF:5
FNH:5
FNDA:1,listByDiscipline
FNDA:1,listByTeacher
FNDA:1,updateViews
FNDA:1,create
FNDA:2,find
DA:4,1
DA:32,1
DA:36,1
DA:64,1
DA:68,1
DA:79,1
DA:83,1
DA:84,1
DA:88,1
DA:92,2
DA:98,2
LF:11
LH:11
BRF:0
BRH:0
end_of_record
TN:
SF:src/repositories/userRepository.ts
FN:6,create
FN:14,update
FN:23,findByEmail
FNF:3
FNH:2
FNDA:1,create
FNDA:0,update
FNDA:5,findByEmail
DA:7,1
DA:11,1
DA:15,0
DA:24,5
DA:30,5
LF:5
LH:4
BRF:0
BRH:0
end_of_record
TN:
SF:src/routers/categoriesRouter.ts
FNF:0
FNH:0
DA:5,1
DA:7,1
LF:2
LH:2
BRF:0
BRH:0
end_of_record
TN:
SF:src/routers/disciplinesRouter.ts
FNF:0
FNH:0
DA:5,1
DA:7,1
DA:8,1
LF:3
LH:3
BRF:0
BRH:0
end_of_record
TN:
SF:src/routers/index.ts
FNF:0
FNH:0
DA:10,1
DA:12,1
DA:13,1
DA:14,1
DA:15,1
DA:16,1
DA:17,1
DA:18,1
LF:8
LH:8
BRF:0
BRH:0
end_of_record
TN:
SF:src/routers/oauthRouter.ts
FNF:0
FNH:0
DA:4,1
DA:6,1
LF:2
LH:2
BRF:0
BRH:0
end_of_record
TN:
SF:src/routers/teachersRouter.ts
FNF:0
FNH:0
DA:5,1
DA:7,1
DA:8,1
LF:3
LH:3
BRF:0
BRH:0
end_of_record
TN:
SF:src/routers/termsRouter.ts
FNF:0
FNH:0
DA:5,1
DA:7,1
LF:2
LH:2
BRF:0
BRH:0
end_of_record
TN:
SF:src/routers/testsRouter.ts
FNF:0
FNH:0
DA:8,1
DA:9,1
DA:11,1
DA:13,1
DA:14,1
DA:15,1
DA:16,1
LF:7
LH:7
BRF:0
BRH:0
end_of_record
TN:
SF:src/routers/userRouter.ts
FNF:0
FNH:0
DA:6,1
DA:8,1
DA:9,1
LF:3
LH:3
BRF:0
BRH:0
end_of_record
TN:
SF:src/schemas/userSchema.ts
FNF:0
FNH:0
DA:4,1
LF:1
LH:1
BRF:0
BRH:0
end_of_record
TN:
SF:src/services/categoriesService.ts
FN:4,(anonymous_0)
FNF:1
FNH:1
FNDA:1,(anonymous_0)
DA:5,1
DA:7,1
LF:2
LH:2
BRF:0
BRH:0
end_of_record
TN:
SF:src/services/disciplineService.ts
FN:5,(anonymous_1)
FN:6,(anonymous_2)
FN:12,(anonymous_3)
FN:19,_disciplineService_validateTerm
FNF:4
FNH:4
FNDA:1,(anonymous_1)
FNDA:1,(anonymous_2)
FNDA:2,(anonymous_3)
FNDA:2,_disciplineService_validateTerm
DA:7,1
DA:9,1
DA:13,2
DA:14,1
DA:16,1
DA:19,1
DA:20,2
DA:21,2
LF:8
LH:8
BRDA:21,0,0,1
BRF:1
BRH:1
end_of_record
TN:
SF:src/services/oauthService.ts
FN:6,(anonymous_1)
FN:7,(anonymous_2)
FN:14,_oauthService_getUserEmail
FN:21,_oauthService_getToken
FN:27,_oauthService_checkUser
FN:31,_oauthService_createJWTToken
FNF:6
FNH:1
FNDA:1,(anonymous_1)
FNDA:0,(anonymous_2)
FNDA:0,_oauthService_getUserEmail
FNDA:0,_oauthService_getToken
FNDA:0,_oauthService_checkUser
FNDA:0,_oauthService_createJWTToken
DA:8,0
DA:9,0
DA:10,0
DA:12,0
DA:14,1
DA:15,0
DA:16,0
DA:17,0
DA:18,0
DA:22,0
DA:23,0
DA:24,0
DA:28,0
DA:29,0
DA:30,0
DA:34,0
DA:35,0
DA:36,0
DA:37,0
LF:19
LH:1
BRDA:29,0,0,0
BRF:1
BRH:0
end_of_record
TN:
SF:src/services/teacherService.ts
FN:5,(anonymous_1)
FN:6,(anonymous_2)
FN:12,(anonymous_3)
FN:19,_teacherService_validateDiscipline
FNF:4
FNH:4
FNDA:1,(anonymous_1)
FNDA:1,(anonymous_2)
FNDA:2,(anonymous_3)
FNDA:2,_teacherService_validateDiscipline
DA:7,1
DA:9,1
DA:13,2
DA:14,1
DA:16,1
DA:19,1
DA:20,2
DA:21,2
LF:8
LH:8
BRDA:21,0,0,1
BRF:1
BRH:1
end_of_record
TN:
SF:src/services/termsService.ts
FN:4,(anonymous_0)
FNF:1
FNH:1
FNDA:1,(anonymous_0)
DA:5,1
DA:7,1
LF:2
LH:2
BRF:0
BRH:0
end_of_record
TN:
SF:src/services/testsService.ts
FN:9,(anonymous_1)
FN:10,(anonymous_2)
FN:18,(anonymous_3)
FN:26,(anonymous_4)
FN:32,(anonymous_5)
FN:45,_testService_uploadPdf
FN:63,_testService_validateDiscipline
FN:68,_testService_validateTeacher
FN:73,_testService_validateTest
FN:78,_testService_validateCategory
FN:84,_testService_validateTeacherDiscipline
FNF:11
FNH:11
FNDA:1,(anonymous_1)
FNDA:2,(anonymous_2)
FNDA:2,(anonymous_3)
FNDA:2,(anonymous_4)
FNDA:3,(anonymous_5)
FNDA:1,_testService_uploadPdf
FNDA:2,_testService_validateDiscipline
FNDA:2,_testService_validateTeacher
FNDA:2,_testService_validateTest
FNDA:3,_testService_validateCategory
FNDA:2,_testService_validateTeacherDiscipline
DA:11,2
DA:13,1
DA:15,1
DA:19,2
DA:21,1
DA:23,1
DA:27,2
DA:29,1
DA:33,3
DA:34,2
DA:35,1
DA:37,1
DA:38,1
DA:39,1
DA:40,1
DA:42,1
DA:45,1
DA:46,1
DA:48,1
DA:49,1
DA:55,1
DA:57,1
DA:59,0
DA:64,2
DA:65,2
DA:69,2
DA:70,2
DA:74,2
DA:75,2
DA:79,3
DA:80,3
DA:81,2
DA:85,2
DA:86,2
DA:87,1
LF:35
LH:34
BRDA:65,0,0,1
BRDA:70,1,0,1
BRDA:75,2,0,1
BRDA:80,3,0,1
BRDA:86,4,0,1
BRF:5
BRH:5
end_of_record
TN:
SF:src/services/userService.ts
FN:10,(anonymous_1)
FN:11,(anonymous_2)
FN:19,(anonymous_3)
FN:27,_userService_checkUserPasswordUpdate
FN:32,_userService_validateUserLogin
FN:38,_userService_createJWTToken
FNF:6
FNH:6
FNDA:1,(anonymous_1)
FNDA:2,(anonymous_2)
FNDA:3,(anonymous_3)
FNDA:1,_userService_checkUserPasswordUpdate
FNDA:3,_userService_validateUserLogin
FNDA:1,_userService_createJWTToken
DA:8,1
DA:12,2
DA:13,2
DA:15,2
DA:16,1
DA:20,3
DA:22,1
DA:24,1
DA:27,1
DA:28,1
DA:29,1
DA:33,3
DA:35,3
DA:37,1
DA:41,1
DA:42,1
DA:43,1
DA:44,1
LF:18
LH:18
BRDA:15,0,0,1
BRDA:15,0,1,1
BRDA:28,1,0,0
BRDA:28,1,1,1
BRDA:35,2,0,2
BRDA:35,3,0,3
BRDA:35,3,1,2
BRDA:35,3,2,2
BRF:8
BRH:7
end_of_record
TN:
SF:tests/factories/testFactory.ts
FN:14,createTest
FNF:1
FNH:1
FNDA:3,createTest
DA:15,3
LF:1
LH:1
BRF:0
BRH:0
end_of_record
TN:
SF:tests/factories/userFactory.ts
FN:9,insertUser
FN:18,createUser
FNF:2
FNH:2
FNDA:3,insertUser
FNDA:5,createUser
DA:7,1
DA:10,3
DA:19,5
LF:3
LH:3
BRF:0
BRH:0
end_of_record
